ARM GAS  /cygdrive/c/DOCUME~1/mkwapisz/LOCALS~1/Temp/cc8WqjJ2.s 			page 1


   1              		.code	16
   2              		.file	"main.c"
   3              		.section	.debug_abbrev,"",%progbits
   4              	.Ldebug_abbrev0:
   5              		.section	.debug_info,"",%progbits
   6              	.Ldebug_info0:
   7              		.section	.debug_line,"",%progbits
   8              	.Ldebug_line0:
   9 0000 D9000000 		.text
   9      02004400 
   9      00000201 
   9      FB0E0D00 
   9      01010101 
  10              	.Ltext0:
  11              		.align	2
  12              		.global	appTick
  13              		.code 16
  14              		.thumb_func
  15              		.type	appTick, %function
  16              	appTick:
  17              	.LFB10:
  18              		.file 1 "main.c"
   1:main.c        **** /******************************************************************************
   2:main.c        ****  *
   3:main.c        ****  * Copyright:
   4:main.c        ****  *    (C) 2000 - 2005 Embedded Artists AB
   5:main.c        ****  *
   6:main.c        ****  * Description:
   7:main.c        ****  *    Sample application that demonstrates how to create processes.
   8:main.c        ****  *
   9:main.c        ****  *****************************************************************************/
  10:main.c        **** 
  11:main.c        **** #include "pre_emptive_os/api/osapi.h"
  12:main.c        **** #include "pre_emptive_os/api/general.h"
  13:main.c        **** #include <printf_P.h>
  14:main.c        **** #include <ea_init.h>
  15:main.c        **** #include <lpc2xxx.h>
  16:main.c        **** #include <consol.h>
  17:main.c        **** 
  18:main.c        **** #define PROC1_STACK_SIZE 2048
  19:main.c        **** #define PROC2_STACK_SIZE 2048
  20:main.c        **** #define PROC3_STACK_SIZE 2048
  21:main.c        **** #define PROC4_STACK_SIZE 2048
  22:main.c        **** #define PROC5_STACK_SIZE 2048
  23:main.c        **** #define INIT_STACK_SIZE  400
  24:main.c        **** #define BUZZ_PIN		(1<<21)
  25:main.c        **** 
  26:main.c        **** static tU8 proc1Stack[PROC1_STACK_SIZE];
  27:main.c        **** static tU8 proc2Stack[PROC2_STACK_SIZE];
  28:main.c        **** static tU8 proc3Stack[PROC3_STACK_SIZE];
  29:main.c        **** static tU8 proc4Stack[PROC4_STACK_SIZE];
  30:main.c        **** static tU8 proc5Stack[PROC5_STACK_SIZE];
  31:main.c        **** static tU8 initStack[INIT_STACK_SIZE];
  32:main.c        **** static tU8 pid1;
  33:main.c        **** static tU8 pid2;
  34:main.c        **** static tU8 pid3;
  35:main.c        **** static tU8 pid4;
ARM GAS  /cygdrive/c/DOCUME~1/mkwapisz/LOCALS~1/Temp/cc8WqjJ2.s 			page 2


  36:main.c        **** static tU8 pid5;
  37:main.c        **** 
  38:main.c        **** static void proc1(void* arg);
  39:main.c        **** static void proc2(void* arg);
  40:main.c        **** static void proc3(void* arg);
  41:main.c        **** static void proc4(void* arg);
  42:main.c        **** static void proc5(void* arg);
  43:main.c        **** static void initProc(void* arg);
  44:main.c        **** 
  45:main.c        **** void testLedMatrix(void);
  46:main.c        **** void testLcd(void);
  47:main.c        **** //void testMotor(void);
  48:main.c        **** void testMotor(int);
  49:main.c        **** void testRGB(void);
  50:main.c        **** void testI2C(void);
  51:main.c        **** void testAdc(void);
  52:main.c        **** void testJoy(void);
  53:main.c        **** 
  54:main.c        **** /*****************************************************************************
  55:main.c        ****  *
  56:main.c        ****  * Description:
  57:main.c        ****  *    The first function to execute 
  58:main.c        ****  *
  59:main.c        ****  ****************************************************************************/
  60:main.c        **** int main(void) {
  61:main.c        **** 	tU8 error;
  62:main.c        **** 	tU8 pid;
  63:main.c        **** 
  64:main.c        **** 	//immediately turn off buzzer (if connected)
  65:main.c        **** 	IODIR0 |= 0x00000080;
  66:main.c        **** 	IOSET0 = 0x00000080;
  67:main.c        **** 
  68:main.c        **** 	osInit();
  69:main.c        **** 	osCreateProcess(initProc, initStack, INIT_STACK_SIZE, &pid, 1, NULL, &error);
  70:main.c        **** 	osStartProcess(pid, &error);
  71:main.c        **** 
  72:main.c        **** 	osStart();
  73:main.c        **** 	return 0;
  74:main.c        **** }
  75:main.c        **** 
  76:main.c        **** /*****************************************************************************
  77:main.c        ****  *
  78:main.c        ****  * Description:
  79:main.c        ****  *    A process entry function 
  80:main.c        ****  *
  81:main.c        ****  * Params:
  82:main.c        ****  *    [in] arg - This parameter is not used in this application. 
  83:main.c        ****  *
  84:main.c        ****  ****************************************************************************/
  85:main.c        **** static void proc1(void* arg) {
  86:main.c        **** 	tU8 centerReleased = TRUE;
  87:main.c        **** 	tU8 i;
  88:main.c        **** 	tU32 pattern;
  89:main.c        **** 	tU8 error;
  90:main.c        **** 
  91:main.c        **** 	for (;;) {
  92:main.c        **** 		printf(
ARM GAS  /cygdrive/c/DOCUME~1/mkwapisz/LOCALS~1/Temp/cc8WqjJ2.s 			page 3


  93:main.c        **** 				"\n\n\n\n\n*******************************************************\n");
  94:main.c        **** 		printf("* LPC2148 Education Board...                          *\n");
  95:main.c        **** 		printf("*******************************************************\n");
  96:main.c        **** 
  97:main.c        **** 		//
  98:main.c        **** 		//Test LEDs
  99:main.c        **** 		//
 100:main.c        **** 		//    PINSEL0 &= 0x0000ffff;
 101:main.c        **** 		//    IODIR0  |= 0x0000ff00;
 102:main.c        **** 		//    IOSET0   = 0x0000fb00;
 103:main.c        **** 		//    IOCLR0   = 0x00000400;
 104:main.c        **** 
 105:main.c        **** 		//    for(i=0; i<4; i++)
 106:main.c        **** 		//    {
 107:main.c        **** 		//      pattern = 0x00000100;
 108:main.c        **** 		//      while(pattern <= 0x00008000)
 109:main.c        **** 		//      {
 110:main.c        **** 		//      	IOCLR = pattern;
 111:main.c        **** 		//      	osSleep(20);
 112:main.c        **** 		//      	IOSET0 = pattern;
 113:main.c        **** 		//        IOCLR0 = 0x00000400; //P0.10 must always be low = LED on since motor control else will 
 114:main.c        **** 		//
 115:main.c        **** 		//      	pattern <<= 1;
 116:main.c        **** 		//      }
 117:main.c        **** 		//    }
 118:main.c        **** 		//    //flash with P0.10 (with P0.8 and P0.9 low)
 119:main.c        **** 		//    IOCLR0 = 0x00000700;
 120:main.c        **** 		//    osSleep(20);
 121:main.c        **** 		//    IOSET0 = 0x00000400;
 122:main.c        **** 		//   	osSleep(20);
 123:main.c        **** 		//    IOCLR0 = 0x00000400;
 124:main.c        **** 		//    osSleep(20);
 125:main.c        **** 		//    IOSET0 = 0x00000400;
 126:main.c        **** 		//   	osSleep(20);
 127:main.c        **** 		//    IOCLR0 = 0x00000400;
 128:main.c        **** 		//    osSleep(20);
 129:main.c        **** 		//    IOSET0 = 0x00000400;
 130:main.c        **** 		//
 131:main.c        **** 		//
 132:main.c        **** 		//    //
 133:main.c        **** 		//    //Test EEPROM via I2C
 134:main.c        **** 		//    //
 135:main.c        **** 		//    testI2C();
 136:main.c        **** 
 137:main.c        **** 
 138:main.c        **** 		//
 139:main.c        **** 		//Start the rest of the processes
 140:main.c        **** 		//
 141:main.c        **** 		//    osCreateProcess(proc2, proc2Stack, PROC2_STACK_SIZE, &pid2, 3, NULL, &error); // led matrix
 142:main.c        **** 		//    osStartProcess(pid2, &error);
 143:main.c        **** 		osCreateProcess(proc2, proc2Stack, PROC2_STACK_SIZE, &pid2, 3, NULL,
 144:main.c        **** 				&error); // led matrix
 145:main.c        **** 		osStartProcess(pid2, &error);
 146:main.c        **** 
 147:main.c        **** 		osCreateProcess(proc3, proc3Stack, PROC3_STACK_SIZE, &pid3, 3, NULL,
 148:main.c        **** 				&error); // lcd
 149:main.c        **** 		osStartProcess(pid3, &error);
ARM GAS  /cygdrive/c/DOCUME~1/mkwapisz/LOCALS~1/Temp/cc8WqjJ2.s 			page 4


 150:main.c        **** 		//    osCreateProcess(proc4, proc4Stack, PROC4_STACK_SIZE, &pid4, 3, NULL, &error); // silnik i r
 151:main.c        **** 		//    osStartProcess(pid4, &error);
 152:main.c        **** 		//    osCreateProcess(proc5, proc5Stack, PROC5_STACK_SIZE, &pid5, 3, NULL, &error); // adc ?
 153:main.c        **** 		//    osStartProcess(pid5, &error);
 154:main.c        **** 
 155:main.c        **** 
 156:main.c        **** 		//wait for a short while
 157:main.c        **** 		osSleep(100);
 158:main.c        **** 
 159:main.c        **** 		IOPIN &= ~0x001f0000;
 160:main.c        **** 		for (;;) {
 161:main.c        **** 			/*
 162:main.c        **** 			 if ((IOPIN & 0x00100000) == 0)
 163:main.c        **** 			 HID_SendReport(0,0,10);
 164:main.c        **** 			 else if ((IOPIN & 0x00080000) == 0)
 165:main.c        **** 			 HID_SendReport(0,-10,0);
 166:main.c        **** 			 else if ((IOPIN & 0x00040000) == 0)
 167:main.c        **** 			 HID_SendReport(0,10,0);
 168:main.c        **** 			 else if ((IOPIN & 0x00020000) == 0)
 169:main.c        **** 			 HID_SendReport(0,0,-10);
 170:main.c        **** 			 */
 171:main.c        **** 			if ((IOPIN & 0x00010000) == 0) {
 172:main.c        **** 				if (centerReleased == TRUE) {
 173:main.c        **** 					//      		HID_SendReport(1,0,0);
 174:main.c        **** 					centerReleased = FALSE;
 175:main.c        **** 				}
 176:main.c        **** 			} else {
 177:main.c        **** 				if (centerReleased == FALSE)
 178:main.c        **** 					//    	  HID_SendReport(0,0,0);
 179:main.c        **** 					centerReleased = TRUE;
 180:main.c        **** 			}
 181:main.c        **** 
 182:main.c        **** 			osSleep(2);
 183:main.c        **** 		}
 184:main.c        **** 	}
 185:main.c        **** }
 186:main.c        **** 
 187:main.c        **** static void led(int i) {
 188:main.c        **** 	tU32 pattern;
 189:main.c        **** 	//
 190:main.c        **** 	//Test LEDs
 191:main.c        **** 	//
 192:main.c        **** 	printf("h = %d", i);
 193:main.c        **** 	if (i > 8 || i < 0)
 194:main.c        **** 		i = 0;
 195:main.c        **** 	PINSEL0 &= 0x0000ffff;
 196:main.c        **** 	IODIR0 |= 0x0000ff00;
 197:main.c        **** 	IOSET0 = 0x0000fb00;
 198:main.c        **** 	IOCLR0 = 0x00000400;
 199:main.c        **** 	pattern = 256;
 200:main.c        **** 	int j;
 201:main.c        **** 	for (j = 0; j < 8; j++) {
 202:main.c        **** 		printf("pattern = %d", pattern);
 203:main.c        **** 		IOCLR = pattern;
 204:main.c        **** 		//      	osSleep(100);
 205:main.c        **** 		//          	IOSET0 = pattern;
 206:main.c        **** 		//            IOCLR0 = 0x00000400; //P0.10 must always be low = LED on since motor control else w
ARM GAS  /cygdrive/c/DOCUME~1/mkwapisz/LOCALS~1/Temp/cc8WqjJ2.s 			page 5


 207:main.c        **** 		pattern <<= 1;
 208:main.c        **** 	}
 209:main.c        **** 	pattern = 256;
 210:main.c        **** 	for (j = 0; j < i; j++) {
 211:main.c        **** 		//      	IOCLR = pattern;
 212:main.c        **** 		//      	osSleep(100);
 213:main.c        **** 		IOSET0 = pattern;
 214:main.c        **** 		//        IOCLR0 = 0x00000400; //P0.10 must always be low = LED on since motor control else will 
 215:main.c        **** 		pattern <<= 1;
 216:main.c        **** 	}
 217:main.c        **** 	//    //flash with P0.10 (with P0.8 and P0.9 low)
 218:main.c        **** 	//    IOCLR0 = 0x00000700;
 219:main.c        **** 	//    osSleep(20);
 220:main.c        **** 	//    IOSET0 = 0x00000400;
 221:main.c        **** 	//   	osSleep(20);
 222:main.c        **** 	//    IOCLR0 = 0x00000400;
 223:main.c        **** 	//    osSleep(20);
 224:main.c        **** 	//    IOSET0 = 0x00000400;
 225:main.c        **** 	//   	osSleep(20);
 226:main.c        **** 	//    IOCLR0 = 0x00000400;
 227:main.c        **** 	//    osSleep(20);
 228:main.c        **** 	//    IOSET0 = 0x00000400;
 229:main.c        **** 
 230:main.c        **** }
 231:main.c        **** 
 232:main.c        **** /*****************************************************************************
 233:main.c        ****  *
 234:main.c        ****  * Description:
 235:main.c        ****  *    A process entry function 
 236:main.c        ****  *
 237:main.c        ****  * Params:
 238:main.c        ****  *    [in] arg - This parameter is not used in this application. 
 239:main.c        ****  *
 240:main.c        ****  ****************************************************************************/
 241:main.c        **** static void proc2(void* arg) {
 242:main.c        **** 	//	testJoy();
 243:main.c        **** 
 244:main.c        **** 	tU32 oldIOPIN, tmp;
 245:main.c        **** 
 246:main.c        **** 	/* read input from joystick */
 247:main.c        **** 	IODIR &= ~0x001f0000;
 248:main.c        **** 	messageOnLCD("Joystick works!", TRUE);
 249:main.c        **** 	/* joystick support */
 250:main.c        **** 	tU32 oldMove;
 251:main.c        **** 	int i = 0, j = 0, h = 0;
 252:main.c        **** 	for (;;) {
 253:main.c        **** 		//		printf("IOPIN = %d",(IOPIN));
 254:main.c        **** 		//		printf("\t");
 255:main.c        **** 		oldIOPIN = IOPIN;
 256:main.c        **** 		osSleep(10);
 257:main.c        **** 		if (IOPIN == 1589624063) {
 258:main.c        **** 			printf("work");
 259:main.c        **** 
 260:main.c        **** 		}
 261:main.c        **** 		tmp = (oldIOPIN & ~IOPIN);// & 0x001f0000;
 262:main.c        **** 		printf("tmp = %d", tmp);
 263:main.c        **** 		printf("\n");
ARM GAS  /cygdrive/c/DOCUME~1/mkwapisz/LOCALS~1/Temp/cc8WqjJ2.s 			page 6


 264:main.c        **** 		//	    if( oldMove != tmp)
 265:main.c        **** 		//	    	oldMove = tmp;`
 266:main.c        **** 		//	    if(tmp != 0x00000000) {
 267:main.c        **** 		//	      if(tmp == 0x00020000) {
 268:main.c        **** 		//	    	  messageOnLCD("Gora",TRUE);
 269:main.c        **** 		//	      }
 270:main.c        **** 		//	      else if(tmp == 0x00040000) messageOnLCD("Prawo",TRUE);
 271:main.c        **** 		//	      else if(tmp == 0x00100000)
 272:main.c        **** 		//	    	  {
 273:main.c        **** 		//	    	  messageOnLCD("Dol",TRUE);
 274:main.c        **** 		//	    	  }
 275:main.c        **** 		//	      else if(tmp == 0x00080000) messageOnLCD("Lewo",TRUE);
 276:main.c        **** 		//	      else if(tmp == 0x00010000) messageOnLCD("Center",TRUE);
 277:main.c        **** 		//	    }
 278:main.c        **** 		//	    if(tmp != 0) {
 279:main.c        **** 		if (tmp == 131072)
 280:main.c        **** 		{
 281:main.c        **** 			messageOnLCD("up", TRUE);
 282:main.c        **** 
 283:main.c        **** 			IODIR0	|=	BUZZ_PIN;		//Select the Buzzer pin as Output
 284:main.c        **** 			IOPIN0	&= ~(BUZZ_PIN);		//Clear the Buzzer pin
 285:main.c        **** 
 286:main.c        **** 		    while(1)
 287:main.c        **** 			{
 288:main.c        **** 				IOPIN0 |= BUZZ_PIN;		//Set the Buzzer pin High
 289:main.c        **** 				osSleep(25);
 290:main.c        **** 				//_DelayMs(250);	  		//A Delay
 291:main.c        **** 				IOPIN0 &= ~BUZZ_PIN;	//Set the Buzzer pin Low
 292:main.c        **** 				//_DelayMs(250);	       	//A Delay
 293:main.c        **** 				osSleep(25);
 294:main.c        **** 		    }
 295:main.c        **** 		}
 296:main.c        **** 
 297:main.c        **** 		else if (tmp == 262144) {
 298:main.c        **** 			messageOnLCD("right", TRUE);
 299:main.c        **** 			h--;
 300:main.c        **** 			led(h);
 301:main.c        **** 		} else if (tmp == 16384) {
 302:main.c        **** 			messageOnLCD("button", TRUE);
 303:main.c        **** 
 304:main.c        **** 		} else if (tmp == 524288) {
 305:main.c        **** 			messageOnLCD("left", TRUE);
 306:main.c        **** 			h++;
 307:main.c        **** 			led(h);
 308:main.c        **** 		} else if (tmp == 65536) {
 309:main.c        **** 			messageOnLCD("Center", TRUE);
 310:main.c        **** 			testMotor(0);
 311:main.c        **** 
 312:main.c        **** 		} else if (tmp == 1048576)
 313:main.c        **** 			messageOnLCD("down", TRUE);
 314:main.c        **** 		//	  }
 315:main.c        **** 		//	  else
 316:main.c        **** 		//	  {
 317:main.c        **** 		//		  messageOnLCD("NIC",TRUE);
 318:main.c        **** 		//	  }
 319:main.c        **** 	}
 320:main.c        **** 	osDeleteProcess();
ARM GAS  /cygdrive/c/DOCUME~1/mkwapisz/LOCALS~1/Temp/cc8WqjJ2.s 			page 7


 321:main.c        **** 
 322:main.c        **** }
 323:main.c        **** 
 324:main.c        **** /*****************************************************************************
 325:main.c        ****  *
 326:main.c        ****  * Description:
 327:main.c        ****  *    A process entry function 
 328:main.c        ****  *
 329:main.c        ****  * Params:
 330:main.c        ****  *    [in] arg - This parameter is not used in this application. 
 331:main.c        ****  *
 332:main.c        ****  ****************************************************************************/
 333:main.c        **** static void proc3(void* arg) {
 334:main.c        **** 	//testLcd();
 335:main.c        **** 	testLedMatrix();
 336:main.c        **** 
 337:main.c        **** }
 338:main.c        **** 
 339:main.c        **** /*****************************************************************************
 340:main.c        ****  *
 341:main.c        ****  * Description:
 342:main.c        ****  *    A process entry function 
 343:main.c        ****  *
 344:main.c        ****  * Params:
 345:main.c        ****  *    [in] arg - This parameter is not used in this application. 
 346:main.c        ****  *
 347:main.c        ****  ****************************************************************************/
 348:main.c        **** static void proc4(void* arg) {
 349:main.c        **** 	for (;;) {
 350:main.c        **** 		testRGB();
 351:main.c        **** 		//		testMotor();
 352:main.c        **** 	}
 353:main.c        **** }
 354:main.c        **** 
 355:main.c        **** /*****************************************************************************
 356:main.c        ****  *
 357:main.c        ****  * Description:
 358:main.c        ****  *    A process entry function 
 359:main.c        ****  *
 360:main.c        ****  * Params:
 361:main.c        ****  *    [in] arg - This parameter is not used in this application. 
 362:main.c        ****  *
 363:main.c        ****  ****************************************************************************/
 364:main.c        **** static void proc5(void* arg) {
 365:main.c        **** 	testAdc();
 366:main.c        **** }
 367:main.c        **** 
 368:main.c        **** /*****************************************************************************
 369:main.c        ****  *
 370:main.c        ****  * Description:
 371:main.c        ****  *    The entry function for the initialization process. 
 372:main.c        ****  *
 373:main.c        ****  * Params:
 374:main.c        ****  *    [in] arg - This parameter is not used in this application. 
 375:main.c        ****  *
 376:main.c        ****  ****************************************************************************/
 377:main.c        **** static void initProc(void* arg) {
ARM GAS  /cygdrive/c/DOCUME~1/mkwapisz/LOCALS~1/Temp/cc8WqjJ2.s 			page 8


 378:main.c        **** 	tU8 error;
 379:main.c        **** 
 380:main.c        **** 	eaInit();
 381:main.c        **** 	osCreateProcess(proc1, proc1Stack, PROC1_STACK_SIZE, &pid1, 3, NULL, &error);
 382:main.c        **** 	osStartProcess(pid1, &error);
 383:main.c        **** 
 384:main.c        **** 	osDeleteProcess();
 385:main.c        **** }
 386:main.c        **** 
 387:main.c        **** /*****************************************************************************
 388:main.c        ****  *
 389:main.c        ****  * Description:
 390:main.c        ****  *    The timer tick entry function that is called once every timer tick
 391:main.c        ****  *    interrupt in the RTOS. Observe that any processing in this
 392:main.c        ****  *    function must be kept as short as possible since this function
 393:main.c        ****  *    execute in interrupt context.
 394:main.c        ****  *
 395:main.c        ****  * Params:
 396:main.c        ****  *    [in] elapsedTime - The number of elapsed milliseconds since last call.
 397:main.c        ****  *
 398:main.c        ****  ****************************************************************************/
 399:main.c        **** void appTick(tU32 elapsedTime) {
  19              		.loc 1 399 0
  20              	.LVL0:
  21              		@ lr needed for prologue
 400:main.c        **** }
  22              		.loc 1 400 0
  23              		@ sp needed for prologue
  24 0000 7047     		bx	lr
  25              	.LFE10:
  26              		.size	appTick, .-appTick
  27 0002 0000     		.align	2
  28              		.global	main
  29              		.code 16
  30              		.thumb_func
  31              		.type	main, %function
  32              	main:
  33              	.LFB2:
  34              		.loc 1 60 0
  35 0004 30B5     		push	{r4, r5, lr}
  36              	.LCFI0:
  37              		.loc 1 65 0
  38 0006 124A     		ldr	r2, .L5
  39 0008 1368     		ldr	r3, [r2]
  40 000a 8021     		mov	r1, #128
  41 000c 0B43     		orr	r3, r3, r1
  42 000e 1360     		str	r3, [r2]
  43              		.loc 1 66 0
  44 0010 104B     		ldr	r3, .L5+4
  45              		.loc 1 60 0
  46 0012 84B0     		sub	sp, sp, #16
  47              	.LCFI1:
  48              		.loc 1 66 0
  49 0014 1960     		str	r1, [r3]
  50              		.loc 1 68 0
  51 0016 FFF7FEFF 		bl	osInit
  52              		.loc 1 69 0
ARM GAS  /cygdrive/c/DOCUME~1/mkwapisz/LOCALS~1/Temp/cc8WqjJ2.s 			page 9


  53 001a 6D46     		mov	r5, sp
  54 001c 0123     		mov	r3, #1
  55 001e 0E35     		add	r5, r5, #14
  56 0020 0093     		str	r3, [sp]
  57 0022 6C46     		mov	r4, sp
  58 0024 0023     		mov	r3, #0
  59 0026 C822     		mov	r2, #200
  60 0028 5200     		lsl	r2, r2, #1
  61 002a 0193     		str	r3, [sp, #4]
  62 002c 0F34     		add	r4, r4, #15
  63 002e 2B1C     		mov	r3, r5
  64 0030 0948     		ldr	r0, .L5+8
  65 0032 0A49     		ldr	r1, .L5+12
  66 0034 0294     		str	r4, [sp, #8]
  67 0036 FFF7FEFF 		bl	osCreateProcess
  68              	.LVL1:
  69              		.loc 1 70 0
  70 003a 2878     		ldrb	r0, [r5]
  71 003c 211C     		mov	r1, r4
  72 003e FFF7FEFF 		bl	osStartProcess
  73              		.loc 1 72 0
  74 0042 FFF7FEFF 		bl	osStart
  75              		.loc 1 74 0
  76 0046 0020     		mov	r0, #0
  77 0048 04B0     		add	sp, sp, #16
  78              		@ sp needed for prologue
  79 004a 30BC     		pop	{r4, r5}
  80 004c 02BC     		pop	{r1}
  81 004e 0847     		bx	r1
  82              	.L6:
  83              		.align	2
  84              	.L5:
  85 0050 088002E0 		.word	-536707064
  86 0054 048002E0 		.word	-536707068
  87 0058 00000000 		.word	initProc
  88 005c 00180000 		.word	initStack
  89              	.LFE2:
  90              		.size	main, .-main
  91              		.align	2
  92              		.code 16
  93              		.thumb_func
  94              		.type	initProc, %function
  95              	initProc:
  96              	.LFB9:
  97              		.loc 1 377 0
  98 0060 30B5     		push	{r4, r5, lr}
  99              	.LCFI2:
 100              	.LVL2:
 101 0062 84B0     		sub	sp, sp, #16
 102              	.LCFI3:
 103              		.loc 1 380 0
 104 0064 FFF7FEFF 		bl	eaInit
 105              	.LVL3:
 106              		.loc 1 381 0
 107 0068 0C4D     		ldr	r5, .L9
 108 006a 0323     		mov	r3, #3
 109 006c 0093     		str	r3, [sp]
ARM GAS  /cygdrive/c/DOCUME~1/mkwapisz/LOCALS~1/Temp/cc8WqjJ2.s 			page 10


 110 006e 6C46     		mov	r4, sp
 111 0070 0023     		mov	r3, #0
 112 0072 8022     		mov	r2, #128
 113 0074 1201     		lsl	r2, r2, #4
 114 0076 0193     		str	r3, [sp, #4]
 115 0078 0F34     		add	r4, r4, #15
 116 007a 2B1C     		mov	r3, r5
 117 007c 0848     		ldr	r0, .L9+4
 118 007e 0949     		ldr	r1, .L9+8
 119 0080 0294     		str	r4, [sp, #8]
 120 0082 FFF7FEFF 		bl	osCreateProcess
 121              		.loc 1 382 0
 122 0086 2878     		ldrb	r0, [r5]
 123 0088 211C     		mov	r1, r4
 124 008a FFF7FEFF 		bl	osStartProcess
 125              		.loc 1 384 0
 126 008e FFF7FEFF 		bl	osDeleteProcess
 127              		.loc 1 385 0
 128 0092 04B0     		add	sp, sp, #16
 129              		@ sp needed for prologue
 130 0094 30BC     		pop	{r4, r5}
 131 0096 01BC     		pop	{r0}
 132 0098 0047     		bx	r0
 133              	.L10:
 134 009a 0000     		.align	2
 135              	.L9:
 136 009c 90190000 		.word	pid1
 137 00a0 00000000 		.word	proc1
 138 00a4 00000000 		.word	proc1Stack
 139              	.LFE9:
 140              		.size	initProc, .-initProc
 141              		.section	.rodata.str1.4,"aMS",%progbits,1
 142              		.align	2
 143              	.LC5:
 144 0000 68203D20 		.ascii	"h = %d\000"
 144      256400
 145 0007 00       		.align	2
 146              	.LC7:
 147 0008 70617474 		.ascii	"pattern = %d\000"
 147      65726E20 
 147      3D202564 
 147      00
 148              		.text
 149              		.align	2
 150              		.code 16
 151              		.thumb_func
 152              		.type	led, %function
 153              	led:
 154              	.LFB4:
 155              		.loc 1 187 0
 156 00a8 70B5     		push	{r4, r5, r6, lr}
 157              	.LCFI4:
 158              	.LVL4:
 159              		.loc 1 187 0
 160 00aa 061C     		mov	r6, r0
 161              		.loc 1 192 0
 162 00ac 311C     		mov	r1, r6
ARM GAS  /cygdrive/c/DOCUME~1/mkwapisz/LOCALS~1/Temp/cc8WqjJ2.s 			page 11


 163 00ae 1948     		ldr	r0, .L22
 164              	.LVL5:
 165 00b0 FFF7FEFF 		bl	simplePrintf
 166              	.LVL6:
 167              		.loc 1 193 0
 168 00b4 082E     		cmp	r6, #8
 169 00b6 00D9     		bls	.L12
 170 00b8 0026     		mov	r6, #0
 171              	.L12:
 172              		.loc 1 195 0
 173 00ba 1749     		ldr	r1, .L22+4
 174 00bc 174A     		ldr	r2, .L22+8
 175 00be 0B68     		ldr	r3, [r1]
 176 00c0 1340     		and	r3, r3, r2
 177 00c2 0B60     		str	r3, [r1]
 178              		.loc 1 196 0
 179 00c4 1649     		ldr	r1, .L22+12
 180 00c6 FF23     		mov	r3, #255
 181 00c8 0A68     		ldr	r2, [r1]
 182 00ca 1B02     		lsl	r3, r3, #8
 183 00cc 1A43     		orr	r2, r2, r3
 184 00ce 0A60     		str	r2, [r1]
 185              		.loc 1 197 0
 186 00d0 FB23     		mov	r3, #251
 187 00d2 144A     		ldr	r2, .L22+16
 188 00d4 1B02     		lsl	r3, r3, #8
 189 00d6 1360     		str	r3, [r2]
 190              		.loc 1 198 0
 191 00d8 8023     		mov	r3, #128
 192 00da DB00     		lsl	r3, r3, #3
 193 00dc 0832     		add	r2, r2, #8
 194 00de 8024     		mov	r4, #128
 195              	.LVL7:
 196 00e0 1360     		str	r3, [r2]
 197 00e2 6400     		lsl	r4, r4, #1
 198 00e4 0025     		mov	r5, #0
 199              	.LVL8:
 200              	.L14:
 201              		.loc 1 202 0
 202 00e6 211C     		mov	r1, r4
 203 00e8 0F48     		ldr	r0, .L22+20
 204 00ea FFF7FEFF 		bl	simplePrintf
 205              		.loc 1 203 0
 206 00ee 0F4B     		ldr	r3, .L22+24
 207              		.loc 1 201 0
 208 00f0 0135     		add	r5, r5, #1
 209              		.loc 1 203 0
 210 00f2 1C60     		str	r4, [r3]
 211              		.loc 1 207 0
 212 00f4 6400     		lsl	r4, r4, #1
 213              		.loc 1 201 0
 214 00f6 082D     		cmp	r5, #8
 215 00f8 F5D1     		bne	.L14
 216 00fa 8022     		mov	r2, #128
 217              	.LVL9:
 218 00fc 5200     		lsl	r2, r2, #1
 219 00fe 0021     		mov	r1, #0
ARM GAS  /cygdrive/c/DOCUME~1/mkwapisz/LOCALS~1/Temp/cc8WqjJ2.s 			page 12


 220              	.LVL10:
 221 0100 03E0     		b	.L16
 222              	.L17:
 223              		.loc 1 213 0
 224 0102 084B     		ldr	r3, .L22+16
 225              		.loc 1 210 0
 226 0104 0131     		add	r1, r1, #1
 227              		.loc 1 213 0
 228 0106 1A60     		str	r2, [r3]
 229              		.loc 1 215 0
 230 0108 5200     		lsl	r2, r2, #1
 231              	.L16:
 232              		.loc 1 210 0
 233 010a B142     		cmp	r1, r6
 234 010c F9DB     		blt	.L17
 235              		.loc 1 230 0
 236              		@ sp needed for prologue
 237              	.LVL11:
 238              	.LVL12:
 239              	.LVL13:
 240 010e 70BC     		pop	{r4, r5, r6}
 241 0110 01BC     		pop	{r0}
 242 0112 0047     		bx	r0
 243              	.L23:
 244              		.align	2
 245              	.L22:
 246 0114 00000000 		.word	.LC5
 247 0118 00C002E0 		.word	-536690688
 248 011c FFFF0000 		.word	65535
 249 0120 088002E0 		.word	-536707064
 250 0124 048002E0 		.word	-536707068
 251 0128 08000000 		.word	.LC7
 252 012c 0C8002E0 		.word	-536707060
 253              	.LFE4:
 254              		.size	led, .-led
 255              		.section	.rodata.str1.4
 256 0015 000000   		.align	2
 257              	.LC9:
 258 0018 0A0A0A0A 		.ascii	"\012\012\012\012\012*******************************"
 258      0A2A2A2A 
 258      2A2A2A2A 
 258      2A2A2A2A 
 258      2A2A2A2A 
 259 003c 2A2A2A2A 		.ascii	"************************\012\000"
 259      2A2A2A2A 
 259      2A2A2A2A 
 259      2A2A2A2A 
 259      2A2A2A2A 
 260 0056 0000     		.align	2
 261              	.LC11:
 262 0058 2A204C50 		.ascii	"* LPC2148 Education Board...                       "
 262      43323134 
 262      38204564 
 262      75636174 
 262      696F6E20 
 263 008b 2020202A 		.ascii	"   *\012\000"
 263      0A00
ARM GAS  /cygdrive/c/DOCUME~1/mkwapisz/LOCALS~1/Temp/cc8WqjJ2.s 			page 13


 264 0091 000000   		.align	2
 265              	.LC13:
 266 0094 2A2A2A2A 		.ascii	"***************************************************"
 266      2A2A2A2A 
 266      2A2A2A2A 
 266      2A2A2A2A 
 266      2A2A2A2A 
 267 00c7 2A2A2A2A 		.ascii	"****\012\000"
 267      0A00
 268              		.text
 269              		.align	2
 270              		.code 16
 271              		.thumb_func
 272              		.type	proc1, %function
 273              	proc1:
 274              	.LFB3:
 275              		.loc 1 85 0
 276 0130 F0B5     		push	{r4, r5, r6, r7, lr}
 277              	.LCFI5:
 278              	.LVL14:
 279 0132 84B0     		sub	sp, sp, #16
 280              	.LCFI6:
 281              		.loc 1 92 0
 282 0134 1C48     		ldr	r0, .L27
 283              	.LVL15:
 284 0136 FFF7FEFF 		bl	simplePrintf
 285              		.loc 1 94 0
 286 013a 1C48     		ldr	r0, .L27+4
 287 013c FFF7FEFF 		bl	simplePrintf
 288              		.loc 1 95 0
 289 0140 1B48     		ldr	r0, .L27+8
 290 0142 FFF7FEFF 		bl	simplePrintf
 291              		.loc 1 143 0
 292 0146 1B4D     		ldr	r5, .L27+12
 293 0148 6C46     		mov	r4, sp
 294 014a 8022     		mov	r2, #128
 295 014c 0F34     		add	r4, r4, #15
 296 014e 2B1C     		mov	r3, r5
 297 0150 1201     		lsl	r2, r2, #4
 298 0152 1948     		ldr	r0, .L27+16
 299 0154 1949     		ldr	r1, .L27+20
 300 0156 0327     		mov	r7, #3
 301 0158 0026     		mov	r6, #0
 302 015a 0097     		str	r7, [sp]
 303 015c 0196     		str	r6, [sp, #4]
 304 015e 0294     		str	r4, [sp, #8]
 305 0160 FFF7FEFF 		bl	osCreateProcess
 306              		.loc 1 145 0
 307 0164 2878     		ldrb	r0, [r5]
 308 0166 211C     		mov	r1, r4
 309 0168 FFF7FEFF 		bl	osStartProcess
 310              		.loc 1 147 0
 311 016c 144D     		ldr	r5, .L27+24
 312 016e 8022     		mov	r2, #128
 313 0170 1201     		lsl	r2, r2, #4
 314 0172 2B1C     		mov	r3, r5
 315 0174 1348     		ldr	r0, .L27+28
ARM GAS  /cygdrive/c/DOCUME~1/mkwapisz/LOCALS~1/Temp/cc8WqjJ2.s 			page 14


 316 0176 1449     		ldr	r1, .L27+32
 317 0178 0097     		str	r7, [sp]
 318 017a 0196     		str	r6, [sp, #4]
 319 017c 0294     		str	r4, [sp, #8]
 320 017e FFF7FEFF 		bl	osCreateProcess
 321              		.loc 1 149 0
 322 0182 211C     		mov	r1, r4
 323 0184 2878     		ldrb	r0, [r5]
 324 0186 FFF7FEFF 		bl	osStartProcess
 325              		.loc 1 157 0
 326 018a 6420     		mov	r0, #100
 327 018c FFF7FEFF 		bl	osSleep
 328              		.loc 1 159 0
 329 0190 0E49     		ldr	r1, .L27+36
 330 0192 0F4A     		ldr	r2, .L27+40
 331 0194 0B68     		ldr	r3, [r1]
 332 0196 1340     		and	r3, r3, r2
 333 0198 0B60     		str	r3, [r1]
 334              	.L25:
 335              		.loc 1 171 0
 336 019a 0C4B     		ldr	r3, .L27+36
 337              		.loc 1 182 0
 338 019c 0220     		mov	r0, #2
 339              		.loc 1 171 0
 340 019e 1B68     		ldr	r3, [r3]
 341              		.loc 1 182 0
 342 01a0 FFF7FEFF 		bl	osSleep
 343 01a4 F9E7     		b	.L25
 344              	.L28:
 345 01a6 0000     		.align	2
 346              	.L27:
 347 01a8 18000000 		.word	.LC9
 348 01ac 58000000 		.word	.LC11
 349 01b0 94000000 		.word	.LC13
 350 01b4 91190000 		.word	pid2
 351 01b8 00000000 		.word	proc2
 352 01bc 00080000 		.word	proc2Stack
 353 01c0 92190000 		.word	pid3
 354 01c4 00000000 		.word	proc3
 355 01c8 00100000 		.word	proc3Stack
 356 01cc 008002E0 		.word	-536707072
 357 01d0 FFFFE0FF 		.word	-2031617
 358              	.LFE3:
 359              		.size	proc1, .-proc1
 360              		.align	2
 361              		.code 16
 362              		.thumb_func
 363              		.type	proc3, %function
 364              	proc3:
 365              	.LFB6:
 366              		.loc 1 333 0
 367 01d4 00B5     		push	{lr}
 368              	.LCFI7:
 369              	.LVL16:
 370              		.loc 1 335 0
 371 01d6 FFF7FEFF 		bl	testLedMatrix
 372              	.LVL17:
ARM GAS  /cygdrive/c/DOCUME~1/mkwapisz/LOCALS~1/Temp/cc8WqjJ2.s 			page 15


 373              		.loc 1 337 0
 374              		@ sp needed for prologue
 375 01da 01BC     		pop	{r0}
 376 01dc 0047     		bx	r0
 377              	.LFE6:
 378              		.size	proc3, .-proc3
 379              		.section	.rodata.str1.4
 380 00cd 000000   		.align	2
 381              	.LC21:
 382 00d0 4A6F7973 		.ascii	"Joystick works!\000"
 382      7469636B 
 382      20776F72 
 382      6B732100 
 383              		.align	2
 384              	.LC23:
 385 00e0 776F726B 		.ascii	"work\000"
 385      00
 386 00e5 000000   		.align	2
 387              	.LC25:
 388 00e8 746D7020 		.ascii	"tmp = %d\000"
 388      3D202564 
 388      00
 389 00f1 000000   		.align	2
 390              	.LC27:
 391 00f4 0A00     		.ascii	"\012\000"
 392 00f6 0000     		.align	2
 393              	.LC29:
 394 00f8 757000   		.ascii	"up\000"
 395 00fb 00       		.align	2
 396              	.LC31:
 397 00fc 72696768 		.ascii	"right\000"
 397      7400
 398 0102 0000     		.align	2
 399              	.LC33:
 400 0104 62757474 		.ascii	"button\000"
 400      6F6E00
 401 010b 00       		.align	2
 402              	.LC35:
 403 010c 6C656674 		.ascii	"left\000"
 403      00
 404 0111 000000   		.align	2
 405              	.LC37:
 406 0114 43656E74 		.ascii	"Center\000"
 406      657200
 407 011b 00       		.align	2
 408              	.LC39:
 409 011c 646F776E 		.ascii	"down\000"
 409      00
 410 0121 000000   		.text
 411 01de 0000     		.align	2
 412              		.code 16
 413              		.thumb_func
 414              		.type	proc2, %function
 415              	proc2:
 416              	.LFB5:
 417              		.loc 1 241 0
 418 01e0 70B5     		push	{r4, r5, r6, lr}
ARM GAS  /cygdrive/c/DOCUME~1/mkwapisz/LOCALS~1/Temp/cc8WqjJ2.s 			page 16


 419              	.LCFI8:
 420              	.LVL18:
 421              		.loc 1 247 0
 422 01e2 3A49     		ldr	r1, .L56
 423 01e4 3A4A     		ldr	r2, .L56+4
 424 01e6 0B68     		ldr	r3, [r1]
 425 01e8 1340     		and	r3, r3, r2
 426 01ea 0B60     		str	r3, [r1]
 427              		.loc 1 248 0
 428 01ec 3948     		ldr	r0, .L56+8
 429              	.LVL19:
 430 01ee 0121     		mov	r1, #1
 431 01f0 FFF7FEFF 		bl	messageOnLCD
 432 01f4 0026     		mov	r6, #0
 433              	.LVL20:
 434              	.LVL21:
 435              	.L55:
 436              		.loc 1 255 0
 437 01f6 384D     		ldr	r5, .L56+12
 438              		.loc 1 256 0
 439 01f8 0A20     		mov	r0, #10
 440              		.loc 1 255 0
 441 01fa 2C68     		ldr	r4, [r5]
 442              	.LVL22:
 443              		.loc 1 256 0
 444 01fc FFF7FEFF 		bl	osSleep
 445              		.loc 1 257 0
 446 0200 2A68     		ldr	r2, [r5]
 447 0202 364B     		ldr	r3, .L56+16
 448 0204 9A42     		cmp	r2, r3
 449 0206 02D1     		bne	.L33
 450              		.loc 1 258 0
 451 0208 3548     		ldr	r0, .L56+20
 452 020a FFF7FEFF 		bl	simplePrintf
 453              	.L33:
 454              		.loc 1 261 0
 455 020e 2B68     		ldr	r3, [r5]
 456 0210 9C43     		bic	r4, r4, r3
 457              	.LVL23:
 458              		.loc 1 262 0
 459 0212 3448     		ldr	r0, .L56+24
 460 0214 211C     		mov	r1, r4
 461 0216 FFF7FEFF 		bl	simplePrintf
 462              		.loc 1 263 0
 463 021a 3348     		ldr	r0, .L56+28
 464 021c FFF7FEFF 		bl	simplePrintf
 465              		.loc 1 279 0
 466 0220 8023     		mov	r3, #128
 467 0222 9B02     		lsl	r3, r3, #10
 468 0224 9C42     		cmp	r4, r3
 469 0226 1ED1     		bne	.L35
 470              		.loc 1 281 0
 471 0228 0121     		mov	r1, #1
 472 022a 3048     		ldr	r0, .L56+32
 473 022c FFF7FEFF 		bl	messageOnLCD
 474              		.loc 1 283 0
 475 0230 2649     		ldr	r1, .L56
ARM GAS  /cygdrive/c/DOCUME~1/mkwapisz/LOCALS~1/Temp/cc8WqjJ2.s 			page 17


 476 0232 8023     		mov	r3, #128
 477 0234 0A68     		ldr	r2, [r1]
 478 0236 9B03     		lsl	r3, r3, #14
 479 0238 1A43     		orr	r2, r2, r3
 480 023a 0A60     		str	r2, [r1]
 481              		.loc 1 284 0
 482 023c 2C4A     		ldr	r2, .L56+36
 483 023e 2B68     		ldr	r3, [r5]
 484 0240 1340     		and	r3, r3, r2
 485 0242 2B60     		str	r3, [r5]
 486              	.L37:
 487              		.loc 1 288 0
 488 0244 244C     		ldr	r4, .L56+12
 489              	.LVL24:
 490 0246 8023     		mov	r3, #128
 491 0248 2268     		ldr	r2, [r4]
 492 024a 9B03     		lsl	r3, r3, #14
 493 024c 1A43     		orr	r2, r2, r3
 494 024e 2260     		str	r2, [r4]
 495              		.loc 1 289 0
 496 0250 1920     		mov	r0, #25
 497 0252 FFF7FEFF 		bl	osSleep
 498              		.loc 1 291 0
 499 0256 2368     		ldr	r3, [r4]
 500 0258 254A     		ldr	r2, .L56+36
 501 025a 1340     		and	r3, r3, r2
 502 025c 2360     		str	r3, [r4]
 503              		.loc 1 293 0
 504 025e 1920     		mov	r0, #25
 505 0260 FFF7FEFF 		bl	osSleep
 506 0264 EEE7     		b	.L37
 507              	.LVL25:
 508              	.L35:
 509              		.loc 1 297 0
 510 0266 8023     		mov	r3, #128
 511 0268 DB02     		lsl	r3, r3, #11
 512 026a 9C42     		cmp	r4, r3
 513 026c 05D1     		bne	.L38
 514              		.loc 1 298 0
 515 026e 2148     		ldr	r0, .L56+40
 516 0270 0121     		mov	r1, #1
 517 0272 FFF7FEFF 		bl	messageOnLCD
 518              		.loc 1 299 0
 519 0276 013E     		sub	r6, r6, #1
 520 0278 0EE0     		b	.L53
 521              	.L38:
 522              		.loc 1 301 0
 523 027a 8023     		mov	r3, #128
 524 027c DB01     		lsl	r3, r3, #7
 525 027e 9C42     		cmp	r4, r3
 526 0280 01D1     		bne	.L40
 527              		.loc 1 302 0
 528 0282 1D48     		ldr	r0, .L56+44
 529 0284 1DE0     		b	.L54
 530              	.L40:
 531              		.loc 1 304 0
 532 0286 8023     		mov	r3, #128
ARM GAS  /cygdrive/c/DOCUME~1/mkwapisz/LOCALS~1/Temp/cc8WqjJ2.s 			page 18


 533 0288 1B03     		lsl	r3, r3, #12
 534 028a 9C42     		cmp	r4, r3
 535 028c 08D1     		bne	.L42
 536              		.loc 1 305 0
 537 028e 1B48     		ldr	r0, .L56+48
 538 0290 0121     		mov	r1, #1
 539 0292 FFF7FEFF 		bl	messageOnLCD
 540              		.loc 1 306 0
 541 0296 0136     		add	r6, r6, #1
 542              	.L53:
 543              		.loc 1 307 0
 544 0298 301C     		mov	r0, r6
 545 029a FFF705FF 		bl	led
 546 029e AAE7     		b	.L55
 547              	.L42:
 548              		.loc 1 308 0
 549 02a0 8023     		mov	r3, #128
 550 02a2 5B02     		lsl	r3, r3, #9
 551 02a4 9C42     		cmp	r4, r3
 552 02a6 07D1     		bne	.L44
 553              		.loc 1 309 0
 554 02a8 0121     		mov	r1, #1
 555 02aa 1548     		ldr	r0, .L56+52
 556 02ac FFF7FEFF 		bl	messageOnLCD
 557              		.loc 1 310 0
 558 02b0 0020     		mov	r0, #0
 559 02b2 FFF7FEFF 		bl	testMotor
 560 02b6 9EE7     		b	.L55
 561              	.L44:
 562              		.loc 1 312 0
 563 02b8 8023     		mov	r3, #128
 564 02ba 5B03     		lsl	r3, r3, #13
 565 02bc 9C42     		cmp	r4, r3
 566 02be 9AD1     		bne	.L55
 567              		.loc 1 313 0
 568 02c0 1048     		ldr	r0, .L56+56
 569              	.L54:
 570 02c2 0121     		mov	r1, #1
 571 02c4 FFF7FEFF 		bl	messageOnLCD
 572 02c8 95E7     		b	.L55
 573              	.L57:
 574 02ca 0000     		.align	2
 575              	.L56:
 576 02cc 088002E0 		.word	-536707064
 577 02d0 FFFFE0FF 		.word	-2031617
 578 02d4 D0000000 		.word	.LC21
 579 02d8 008002E0 		.word	-536707072
 580 02dc FFBCBF5E 		.word	1589624063
 581 02e0 E0000000 		.word	.LC23
 582 02e4 E8000000 		.word	.LC25
 583 02e8 F4000000 		.word	.LC27
 584 02ec F8000000 		.word	.LC29
 585 02f0 FFFFDFFF 		.word	-2097153
 586 02f4 FC000000 		.word	.LC31
 587 02f8 04010000 		.word	.LC33
 588 02fc 0C010000 		.word	.LC35
 589 0300 14010000 		.word	.LC37
ARM GAS  /cygdrive/c/DOCUME~1/mkwapisz/LOCALS~1/Temp/cc8WqjJ2.s 			page 19


 590 0304 1C010000 		.word	.LC39
 591              	.LFE5:
 592              		.size	proc2, .-proc2
 593              		.bss
 594              	proc1Stack:
 595 0000 00000000 		.space	2048
 595      00000000 
 595      00000000 
 595      00000000 
 595      00000000 
 596              	proc2Stack:
 597 0800 00000000 		.space	2048
 597      00000000 
 597      00000000 
 597      00000000 
 597      00000000 
 598              	proc3Stack:
 599 1000 00000000 		.space	2048
 599      00000000 
 599      00000000 
 599      00000000 
 599      00000000 
 600              	initStack:
 601 1800 00000000 		.space	400
 601      00000000 
 601      00000000 
 601      00000000 
 601      00000000 
 602              	pid1:
 603 1990 00       		.space	1
 604              	pid2:
 605 1991 00       		.space	1
 606              	pid3:
 607 1992 00       		.space	1
 608              		.section	.debug_frame,"",%progbits
 609              	.Lframe0:
 610 0000 0C000000 		.4byte	.LECIE0-.LSCIE0
 611              	.LSCIE0:
 612 0004 FFFFFFFF 		.4byte	0xffffffff
 613 0008 01       		.byte	0x1
 614 0009 00       		.ascii	"\000"
 615 000a 01       		.uleb128 0x1
 616 000b 7C       		.sleb128 -4
 617 000c 0E       		.byte	0xe
 618 000d 0C       		.byte	0xc
 619 000e 0D       		.uleb128 0xd
 620 000f 00       		.uleb128 0x0
 621              		.align	2
 622              	.LECIE0:
 623              	.LSFDE0:
 624 0010 0C000000 		.4byte	.LEFDE0-.LASFDE0
 625              	.LASFDE0:
 626 0014 00000000 		.4byte	.Lframe0
 627 0018 00000000 		.4byte	.LFB10
 628 001c 02000000 		.4byte	.LFE10-.LFB10
 629              		.align	2
 630              	.LEFDE0:
ARM GAS  /cygdrive/c/DOCUME~1/mkwapisz/LOCALS~1/Temp/cc8WqjJ2.s 			page 20


 631              	.LSFDE2:
 632 0020 18000000 		.4byte	.LEFDE2-.LASFDE2
 633              	.LASFDE2:
 634 0024 00000000 		.4byte	.Lframe0
 635 0028 04000000 		.4byte	.LFB2
 636 002c 5C000000 		.4byte	.LFE2-.LFB2
 637 0030 42       		.byte	0x4
 638              		.4byte	.LCFI0-.LFB2
 639 0031 0E       		.byte	0xe
 640 0032 0C       		.uleb128 0xc
 641 0033 84       		.byte	0x84
 642 0034 03       		.uleb128 0x3
 643 0035 85       		.byte	0x85
 644 0036 02       		.uleb128 0x2
 645 0037 8E       		.byte	0x8e
 646 0038 01       		.uleb128 0x1
 647 0039 4E       		.byte	0x4
 648              		.4byte	.LCFI1-.LCFI0
 649 003a 0E       		.byte	0xe
 650 003b 1C       		.uleb128 0x1c
 651              		.align	2
 652              	.LEFDE2:
 653              	.LSFDE4:
 654 003c 18000000 		.4byte	.LEFDE4-.LASFDE4
 655              	.LASFDE4:
 656 0040 00000000 		.4byte	.Lframe0
 657 0044 60000000 		.4byte	.LFB9
 658 0048 48000000 		.4byte	.LFE9-.LFB9
 659 004c 42       		.byte	0x4
 660              		.4byte	.LCFI2-.LFB9
 661 004d 0E       		.byte	0xe
 662 004e 0C       		.uleb128 0xc
 663 004f 84       		.byte	0x84
 664 0050 03       		.uleb128 0x3
 665 0051 85       		.byte	0x85
 666 0052 02       		.uleb128 0x2
 667 0053 8E       		.byte	0x8e
 668 0054 01       		.uleb128 0x1
 669 0055 42       		.byte	0x4
 670              		.4byte	.LCFI3-.LCFI2
 671 0056 0E       		.byte	0xe
 672 0057 1C       		.uleb128 0x1c
 673              		.align	2
 674              	.LEFDE4:
 675              	.LSFDE6:
 676 0058 18000000 		.4byte	.LEFDE6-.LASFDE6
 677              	.LASFDE6:
 678 005c 00000000 		.4byte	.Lframe0
 679 0060 A8000000 		.4byte	.LFB4
 680 0064 88000000 		.4byte	.LFE4-.LFB4
 681 0068 42       		.byte	0x4
 682              		.4byte	.LCFI4-.LFB4
 683 0069 0E       		.byte	0xe
 684 006a 10       		.uleb128 0x10
 685 006b 84       		.byte	0x84
 686 006c 04       		.uleb128 0x4
 687 006d 85       		.byte	0x85
ARM GAS  /cygdrive/c/DOCUME~1/mkwapisz/LOCALS~1/Temp/cc8WqjJ2.s 			page 21


 688 006e 03       		.uleb128 0x3
 689 006f 86       		.byte	0x86
 690 0070 02       		.uleb128 0x2
 691 0071 8E       		.byte	0x8e
 692 0072 01       		.uleb128 0x1
 693 0073 00       		.align	2
 694              	.LEFDE6:
 695              	.LSFDE8:
 696 0074 1C000000 		.4byte	.LEFDE8-.LASFDE8
 697              	.LASFDE8:
 698 0078 00000000 		.4byte	.Lframe0
 699 007c 30010000 		.4byte	.LFB3
 700 0080 A4000000 		.4byte	.LFE3-.LFB3
 701 0084 42       		.byte	0x4
 702              		.4byte	.LCFI5-.LFB3
 703 0085 0E       		.byte	0xe
 704 0086 14       		.uleb128 0x14
 705 0087 84       		.byte	0x84
 706 0088 05       		.uleb128 0x5
 707 0089 85       		.byte	0x85
 708 008a 04       		.uleb128 0x4
 709 008b 86       		.byte	0x86
 710 008c 03       		.uleb128 0x3
 711 008d 87       		.byte	0x87
 712 008e 02       		.uleb128 0x2
 713 008f 8E       		.byte	0x8e
 714 0090 01       		.uleb128 0x1
 715 0091 42       		.byte	0x4
 716              		.4byte	.LCFI6-.LCFI5
 717 0092 0E       		.byte	0xe
 718 0093 24       		.uleb128 0x24
 719              		.align	2
 720              	.LEFDE8:
 721              	.LSFDE10:
 722 0094 14000000 		.4byte	.LEFDE10-.LASFDE10
 723              	.LASFDE10:
 724 0098 00000000 		.4byte	.Lframe0
 725 009c D4010000 		.4byte	.LFB6
 726 00a0 0A000000 		.4byte	.LFE6-.LFB6
 727 00a4 42       		.byte	0x4
 728              		.4byte	.LCFI7-.LFB6
 729 00a5 0E       		.byte	0xe
 730 00a6 04       		.uleb128 0x4
 731 00a7 8E       		.byte	0x8e
 732 00a8 01       		.uleb128 0x1
 733 00a9 000000   		.align	2
 734              	.LEFDE10:
 735              	.LSFDE12:
 736 00ac 18000000 		.4byte	.LEFDE12-.LASFDE12
 737              	.LASFDE12:
 738 00b0 00000000 		.4byte	.Lframe0
 739 00b4 E0010000 		.4byte	.LFB5
 740 00b8 28010000 		.4byte	.LFE5-.LFB5
 741 00bc 42       		.byte	0x4
 742              		.4byte	.LCFI8-.LFB5
 743 00bd 0E       		.byte	0xe
 744 00be 10       		.uleb128 0x10
ARM GAS  /cygdrive/c/DOCUME~1/mkwapisz/LOCALS~1/Temp/cc8WqjJ2.s 			page 22


 745 00bf 84       		.byte	0x84
 746 00c0 04       		.uleb128 0x4
 747 00c1 85       		.byte	0x85
 748 00c2 03       		.uleb128 0x3
 749 00c3 86       		.byte	0x86
 750 00c4 02       		.uleb128 0x2
 751 00c5 8E       		.byte	0x8e
 752 00c6 01       		.uleb128 0x1
 753 00c7 00       		.align	2
 754              	.LEFDE12:
 755              		.file 2 "pre_emptive_os/api/../api/general.h"
 756              		.text
 757              	.Letext0:
 758              		.section	.debug_loc,"",%progbits
 759              	.Ldebug_loc0:
 760              	.LLST1:
 761 0000 04000000 		.4byte	.LFB2-.Ltext0
 762 0004 06000000 		.4byte	.LCFI0-.Ltext0
 763 0008 0100     		.2byte	0x1
 764 000a 5D       		.byte	0x5d
 765 000b 06000000 		.4byte	.LCFI0-.Ltext0
 766 000f 14000000 		.4byte	.LCFI1-.Ltext0
 767 0013 0200     		.2byte	0x2
 768 0015 7D       		.byte	0x7d
 769 0016 0C       		.sleb128 12
 770 0017 14000000 		.4byte	.LCFI1-.Ltext0
 771 001b 60000000 		.4byte	.LFE2-.Ltext0
 772 001f 0200     		.2byte	0x2
 773 0021 7D       		.byte	0x7d
 774 0022 1C       		.sleb128 28
 775 0023 00000000 		.4byte	0x0
 776 0027 00000000 		.4byte	0x0
 777              	.LLST2:
 778 002b 60000000 		.4byte	.LFB9-.Ltext0
 779 002f 62000000 		.4byte	.LCFI2-.Ltext0
 780 0033 0100     		.2byte	0x1
 781 0035 5D       		.byte	0x5d
 782 0036 62000000 		.4byte	.LCFI2-.Ltext0
 783 003a 64000000 		.4byte	.LCFI3-.Ltext0
 784 003e 0200     		.2byte	0x2
 785 0040 7D       		.byte	0x7d
 786 0041 0C       		.sleb128 12
 787 0042 64000000 		.4byte	.LCFI3-.Ltext0
 788 0046 A8000000 		.4byte	.LFE9-.Ltext0
 789 004a 0200     		.2byte	0x2
 790 004c 7D       		.byte	0x7d
 791 004d 1C       		.sleb128 28
 792 004e 00000000 		.4byte	0x0
 793 0052 00000000 		.4byte	0x0
 794              	.LLST3:
 795 0056 62000000 		.4byte	.LVL2-.Ltext0
 796 005a 68000000 		.4byte	.LVL3-.Ltext0
 797 005e 0100     		.2byte	0x1
 798 0060 50       		.byte	0x50
 799 0061 00000000 		.4byte	0x0
 800 0065 00000000 		.4byte	0x0
 801              	.LLST4:
ARM GAS  /cygdrive/c/DOCUME~1/mkwapisz/LOCALS~1/Temp/cc8WqjJ2.s 			page 23


 802 0069 A8000000 		.4byte	.LFB4-.Ltext0
 803 006d AA000000 		.4byte	.LCFI4-.Ltext0
 804 0071 0100     		.2byte	0x1
 805 0073 5D       		.byte	0x5d
 806 0074 AA000000 		.4byte	.LCFI4-.Ltext0
 807 0078 30010000 		.4byte	.LFE4-.Ltext0
 808 007c 0200     		.2byte	0x2
 809 007e 7D       		.byte	0x7d
 810 007f 10       		.sleb128 16
 811 0080 00000000 		.4byte	0x0
 812 0084 00000000 		.4byte	0x0
 813              	.LLST5:
 814 0088 AA000000 		.4byte	.LVL4-.Ltext0
 815 008c B0000000 		.4byte	.LVL5-.Ltext0
 816 0090 0100     		.2byte	0x1
 817 0092 50       		.byte	0x50
 818 0093 B0000000 		.4byte	.LVL5-.Ltext0
 819 0097 B4000000 		.4byte	.LVL6-.Ltext0
 820 009b 0100     		.2byte	0x1
 821 009d 51       		.byte	0x51
 822 009e B4000000 		.4byte	.LVL6-.Ltext0
 823 00a2 0E010000 		.4byte	.LVL13-.Ltext0
 824 00a6 0100     		.2byte	0x1
 825 00a8 56       		.byte	0x56
 826 00a9 00000000 		.4byte	0x0
 827 00ad 00000000 		.4byte	0x0
 828              	.LLST6:
 829 00b1 E0000000 		.4byte	.LVL7-.Ltext0
 830 00b5 FC000000 		.4byte	.LVL9-.Ltext0
 831 00b9 0100     		.2byte	0x1
 832 00bb 54       		.byte	0x54
 833 00bc FC000000 		.4byte	.LVL9-.Ltext0
 834 00c0 0E010000 		.4byte	.LVL11-.Ltext0
 835 00c4 0100     		.2byte	0x1
 836 00c6 52       		.byte	0x52
 837 00c7 00000000 		.4byte	0x0
 838 00cb 00000000 		.4byte	0x0
 839              	.LLST7:
 840 00cf E6000000 		.4byte	.LVL8-.Ltext0
 841 00d3 00010000 		.4byte	.LVL10-.Ltext0
 842 00d7 0100     		.2byte	0x1
 843 00d9 55       		.byte	0x55
 844 00da 00010000 		.4byte	.LVL10-.Ltext0
 845 00de 0E010000 		.4byte	.LVL12-.Ltext0
 846 00e2 0100     		.2byte	0x1
 847 00e4 51       		.byte	0x51
 848 00e5 00000000 		.4byte	0x0
 849 00e9 00000000 		.4byte	0x0
 850              	.LLST8:
 851 00ed 30010000 		.4byte	.LFB3-.Ltext0
 852 00f1 32010000 		.4byte	.LCFI5-.Ltext0
 853 00f5 0100     		.2byte	0x1
 854 00f7 5D       		.byte	0x5d
 855 00f8 32010000 		.4byte	.LCFI5-.Ltext0
 856 00fc 34010000 		.4byte	.LCFI6-.Ltext0
 857 0100 0200     		.2byte	0x2
 858 0102 7D       		.byte	0x7d
ARM GAS  /cygdrive/c/DOCUME~1/mkwapisz/LOCALS~1/Temp/cc8WqjJ2.s 			page 24


 859 0103 14       		.sleb128 20
 860 0104 34010000 		.4byte	.LCFI6-.Ltext0
 861 0108 D4010000 		.4byte	.LFE3-.Ltext0
 862 010c 0200     		.2byte	0x2
 863 010e 7D       		.byte	0x7d
 864 010f 24       		.sleb128 36
 865 0110 00000000 		.4byte	0x0
 866 0114 00000000 		.4byte	0x0
 867              	.LLST9:
 868 0118 32010000 		.4byte	.LVL14-.Ltext0
 869 011c 36010000 		.4byte	.LVL15-.Ltext0
 870 0120 0100     		.2byte	0x1
 871 0122 50       		.byte	0x50
 872 0123 00000000 		.4byte	0x0
 873 0127 00000000 		.4byte	0x0
 874              	.LLST10:
 875 012b D4010000 		.4byte	.LFB6-.Ltext0
 876 012f D6010000 		.4byte	.LCFI7-.Ltext0
 877 0133 0100     		.2byte	0x1
 878 0135 5D       		.byte	0x5d
 879 0136 D6010000 		.4byte	.LCFI7-.Ltext0
 880 013a DE010000 		.4byte	.LFE6-.Ltext0
 881 013e 0200     		.2byte	0x2
 882 0140 7D       		.byte	0x7d
 883 0141 04       		.sleb128 4
 884 0142 00000000 		.4byte	0x0
 885 0146 00000000 		.4byte	0x0
 886              	.LLST11:
 887 014a D6010000 		.4byte	.LVL16-.Ltext0
 888 014e DA010000 		.4byte	.LVL17-.Ltext0
 889 0152 0100     		.2byte	0x1
 890 0154 50       		.byte	0x50
 891 0155 00000000 		.4byte	0x0
 892 0159 00000000 		.4byte	0x0
 893              	.LLST12:
 894 015d E0010000 		.4byte	.LFB5-.Ltext0
 895 0161 E2010000 		.4byte	.LCFI8-.Ltext0
 896 0165 0100     		.2byte	0x1
 897 0167 5D       		.byte	0x5d
 898 0168 E2010000 		.4byte	.LCFI8-.Ltext0
 899 016c 08030000 		.4byte	.LFE5-.Ltext0
 900 0170 0200     		.2byte	0x2
 901 0172 7D       		.byte	0x7d
 902 0173 10       		.sleb128 16
 903 0174 00000000 		.4byte	0x0
 904 0178 00000000 		.4byte	0x0
 905              	.LLST13:
 906 017c E2010000 		.4byte	.LVL18-.Ltext0
 907 0180 EE010000 		.4byte	.LVL19-.Ltext0
 908 0184 0100     		.2byte	0x1
 909 0186 50       		.byte	0x50
 910 0187 00000000 		.4byte	0x0
 911 018b 00000000 		.4byte	0x0
 912              	.LLST14:
 913 018f FC010000 		.4byte	.LVL22-.Ltext0
 914 0193 12020000 		.4byte	.LVL23-.Ltext0
 915 0197 0100     		.2byte	0x1
ARM GAS  /cygdrive/c/DOCUME~1/mkwapisz/LOCALS~1/Temp/cc8WqjJ2.s 			page 25


 916 0199 54       		.byte	0x54
 917 019a 00000000 		.4byte	0x0
 918 019e 00000000 		.4byte	0x0
 919              	.LLST15:
 920 01a2 F6010000 		.4byte	.LVL21-.Ltext0
 921 01a6 FC010000 		.4byte	.LVL22-.Ltext0
 922 01aa 0100     		.2byte	0x1
 923 01ac 54       		.byte	0x54
 924 01ad 12020000 		.4byte	.LVL23-.Ltext0
 925 01b1 46020000 		.4byte	.LVL24-.Ltext0
 926 01b5 0100     		.2byte	0x1
 927 01b7 54       		.byte	0x54
 928 01b8 66020000 		.4byte	.LVL25-.Ltext0
 929 01bc 08030000 		.4byte	.LFE5-.Ltext0
 930 01c0 0100     		.2byte	0x1
 931 01c2 54       		.byte	0x54
 932 01c3 00000000 		.4byte	0x0
 933 01c7 00000000 		.4byte	0x0
 934              		.section	.debug_info
 935 0000 F9020000 		.4byte	0x2f9
 936 0004 0200     		.2byte	0x2
 937 0006 00000000 		.4byte	.Ldebug_abbrev0
 938 000a 04       		.byte	0x4
 939 000b 01       		.uleb128 0x1
 940 000c 00000000 		.4byte	.Ldebug_line0
 941 0010 08030000 		.4byte	.Letext0
 942 0014 00000000 		.4byte	.Ltext0
 943 0018 D0000000 		.4byte	.LASF30
 944 001c 01       		.byte	0x1
 945 001d 90000000 		.4byte	.LASF31
 946 0021 03010000 		.4byte	.LASF32
 947 0025 02       		.uleb128 0x2
 948 0026 74553800 		.ascii	"tU8\000"
 949 002a 02       		.byte	0x2
 950 002b 47       		.byte	0x47
 951 002c 30000000 		.4byte	0x30
 952 0030 03       		.uleb128 0x3
 953 0031 45000000 		.4byte	.LASF0
 954 0035 01       		.byte	0x1
 955 0036 08       		.byte	0x8
 956 0037 03       		.uleb128 0x3
 957 0038 75000000 		.4byte	.LASF1
 958 003c 02       		.byte	0x2
 959 003d 07       		.byte	0x7
 960 003e 04       		.uleb128 0x4
 961 003f DC000000 		.4byte	.LASF2
 962 0043 02       		.byte	0x2
 963 0044 49       		.byte	0x49
 964 0045 49000000 		.4byte	0x49
 965 0049 03       		.uleb128 0x3
 966 004a AE000000 		.4byte	.LASF3
 967 004e 04       		.byte	0x4
 968 004f 07       		.byte	0x7
 969 0050 03       		.uleb128 0x3
 970 0051 37010000 		.4byte	.LASF4
 971 0055 01       		.byte	0x1
 972 0056 06       		.byte	0x6
ARM GAS  /cygdrive/c/DOCUME~1/mkwapisz/LOCALS~1/Temp/cc8WqjJ2.s 			page 26


 973 0057 03       		.uleb128 0x3
 974 0058 EE000000 		.4byte	.LASF5
 975 005c 02       		.byte	0x2
 976 005d 05       		.byte	0x5
 977 005e 05       		.uleb128 0x5
 978 005f 696E7400 		.ascii	"int\000"
 979 0063 04       		.byte	0x4
 980 0064 05       		.byte	0x5
 981 0065 03       		.uleb128 0x3
 982 0066 63000000 		.4byte	.LASF6
 983 006a 04       		.byte	0x4
 984 006b 07       		.byte	0x7
 985 006c 06       		.uleb128 0x6
 986 006d 04       		.byte	0x4
 987 006e 07       		.uleb128 0x7
 988 006f 95000000 		.4byte	0x95
 989 0073 01       		.byte	0x1
 990 0074 E1000000 		.4byte	.LASF7
 991 0078 01       		.byte	0x1
 992 0079 8F01     		.2byte	0x18f
 993 007b 01       		.byte	0x1
 994 007c 00000000 		.4byte	.LFB10
 995 0080 02000000 		.4byte	.LFE10
 996 0084 01       		.byte	0x1
 997 0085 5D       		.byte	0x5d
 998 0086 08       		.uleb128 0x8
 999 0087 BB000000 		.4byte	.LASF10
 1000 008b 01       		.byte	0x1
 1001 008c 8F01     		.2byte	0x18f
 1002 008e 3E000000 		.4byte	0x3e
 1003 0092 01       		.byte	0x1
 1004 0093 50       		.byte	0x50
 1005 0094 00       		.byte	0x0
 1006 0095 09       		.uleb128 0x9
 1007 0096 CF000000 		.4byte	0xcf
 1008 009a 01       		.byte	0x1
 1009 009b A9000000 		.4byte	.LASF8
 1010 009f 01       		.byte	0x1
 1011 00a0 3C       		.byte	0x3c
 1012 00a1 01       		.byte	0x1
 1013 00a2 5E000000 		.4byte	0x5e
 1014 00a6 04000000 		.4byte	.LFB2
 1015 00aa 60000000 		.4byte	.LFE2
 1016 00ae 00000000 		.4byte	.LLST1
 1017 00b2 0A       		.uleb128 0xa
 1018 00b3 F8000000 		.4byte	.LASF9
 1019 00b7 01       		.byte	0x1
 1020 00b8 3D       		.byte	0x3d
 1021 00b9 25000000 		.4byte	0x25
 1022 00bd 02       		.byte	0x2
 1023 00be 91       		.byte	0x91
 1024 00bf 73       		.sleb128 -13
 1025 00c0 0B       		.uleb128 0xb
 1026 00c1 70696400 		.ascii	"pid\000"
 1027 00c5 01       		.byte	0x1
 1028 00c6 3E       		.byte	0x3e
 1029 00c7 25000000 		.4byte	0x25
ARM GAS  /cygdrive/c/DOCUME~1/mkwapisz/LOCALS~1/Temp/cc8WqjJ2.s 			page 27


 1030 00cb 02       		.byte	0x2
 1031 00cc 75       		.byte	0x75
 1032 00cd 00       		.sleb128 0
 1033 00ce 00       		.byte	0x0
 1034 00cf 0C       		.uleb128 0xc
 1035 00d0 08010000 		.4byte	0x108
 1036 00d4 C7000000 		.4byte	.LASF11
 1037 00d8 01       		.byte	0x1
 1038 00d9 7901     		.2byte	0x179
 1039 00db 01       		.byte	0x1
 1040 00dc 60000000 		.4byte	.LFB9
 1041 00e0 A8000000 		.4byte	.LFE9
 1042 00e4 2B000000 		.4byte	.LLST2
 1043 00e8 0D       		.uleb128 0xd
 1044 00e9 61726700 		.ascii	"arg\000"
 1045 00ed 01       		.byte	0x1
 1046 00ee 7901     		.2byte	0x179
 1047 00f0 6C000000 		.4byte	0x6c
 1048 00f4 56000000 		.4byte	.LLST3
 1049 00f8 0E       		.uleb128 0xe
 1050 00f9 F8000000 		.4byte	.LASF9
 1051 00fd 01       		.byte	0x1
 1052 00fe 7A01     		.2byte	0x17a
 1053 0100 25000000 		.4byte	0x25
 1054 0104 02       		.byte	0x2
 1055 0105 91       		.byte	0x91
 1056 0106 73       		.sleb128 -13
 1057 0107 00       		.byte	0x0
 1058 0108 0F       		.uleb128 0xf
 1059 0109 4A010000 		.4byte	0x14a
 1060 010d 6C656400 		.ascii	"led\000"
 1061 0111 01       		.byte	0x1
 1062 0112 BB       		.byte	0xbb
 1063 0113 01       		.byte	0x1
 1064 0114 A8000000 		.4byte	.LFB4
 1065 0118 30010000 		.4byte	.LFE4
 1066 011c 69000000 		.4byte	.LLST4
 1067 0120 10       		.uleb128 0x10
 1068 0121 6900     		.ascii	"i\000"
 1069 0123 01       		.byte	0x1
 1070 0124 BB       		.byte	0xbb
 1071 0125 5E000000 		.4byte	0x5e
 1072 0129 88000000 		.4byte	.LLST5
 1073 012d 11       		.uleb128 0x11
 1074 012e 88000000 		.4byte	.LASF12
 1075 0132 01       		.byte	0x1
 1076 0133 BC       		.byte	0xbc
 1077 0134 3E000000 		.4byte	0x3e
 1078 0138 B1000000 		.4byte	.LLST6
 1079 013c 12       		.uleb128 0x12
 1080 013d 6A00     		.ascii	"j\000"
 1081 013f 01       		.byte	0x1
 1082 0140 C8       		.byte	0xc8
 1083 0141 5E000000 		.4byte	0x5e
 1084 0145 CF000000 		.4byte	.LLST7
 1085 0149 00       		.byte	0x0
 1086 014a 13       		.uleb128 0x13
ARM GAS  /cygdrive/c/DOCUME~1/mkwapisz/LOCALS~1/Temp/cc8WqjJ2.s 			page 28


 1087 014b 9F010000 		.4byte	0x19f
 1088 014f 97000000 		.4byte	.LASF13
 1089 0153 01       		.byte	0x1
 1090 0154 55       		.byte	0x55
 1091 0155 01       		.byte	0x1
 1092 0156 30010000 		.4byte	.LFB3
 1093 015a D4010000 		.4byte	.LFE3
 1094 015e ED000000 		.4byte	.LLST8
 1095 0162 10       		.uleb128 0x10
 1096 0163 61726700 		.ascii	"arg\000"
 1097 0167 01       		.byte	0x1
 1098 0168 55       		.byte	0x55
 1099 0169 6C000000 		.4byte	0x6c
 1100 016d 18010000 		.4byte	.LLST9
 1101 0171 14       		.uleb128 0x14
 1102 0172 36000000 		.4byte	.LASF14
 1103 0176 01       		.byte	0x1
 1104 0177 56       		.byte	0x56
 1105 0178 25000000 		.4byte	0x25
 1106 017c 15       		.uleb128 0x15
 1107 017d 6900     		.ascii	"i\000"
 1108 017f 01       		.byte	0x1
 1109 0180 57       		.byte	0x57
 1110 0181 25000000 		.4byte	0x25
 1111 0185 14       		.uleb128 0x14
 1112 0186 88000000 		.4byte	.LASF12
 1113 018a 01       		.byte	0x1
 1114 018b 58       		.byte	0x58
 1115 018c 3E000000 		.4byte	0x3e
 1116 0190 0A       		.uleb128 0xa
 1117 0191 F8000000 		.4byte	.LASF9
 1118 0195 01       		.byte	0x1
 1119 0196 59       		.byte	0x59
 1120 0197 25000000 		.4byte	0x25
 1121 019b 02       		.byte	0x2
 1122 019c 91       		.byte	0x91
 1123 019d 6B       		.sleb128 -21
 1124 019e 00       		.byte	0x0
 1125 019f 0C       		.uleb128 0xc
 1126 01a0 C9010000 		.4byte	0x1c9
 1127 01a4 A3000000 		.4byte	.LASF15
 1128 01a8 01       		.byte	0x1
 1129 01a9 4D01     		.2byte	0x14d
 1130 01ab 01       		.byte	0x1
 1131 01ac D4010000 		.4byte	.LFB6
 1132 01b0 DE010000 		.4byte	.LFE6
 1133 01b4 2B010000 		.4byte	.LLST10
 1134 01b8 0D       		.uleb128 0xd
 1135 01b9 61726700 		.ascii	"arg\000"
 1136 01bd 01       		.byte	0x1
 1137 01be 4D01     		.2byte	0x14d
 1138 01c0 6C000000 		.4byte	0x6c
 1139 01c4 4A010000 		.4byte	.LLST11
 1140 01c8 00       		.byte	0x0
 1141 01c9 13       		.uleb128 0x13
 1142 01ca 37020000 		.4byte	0x237
 1143 01ce 9D000000 		.4byte	.LASF16
ARM GAS  /cygdrive/c/DOCUME~1/mkwapisz/LOCALS~1/Temp/cc8WqjJ2.s 			page 29


 1144 01d2 01       		.byte	0x1
 1145 01d3 F1       		.byte	0xf1
 1146 01d4 01       		.byte	0x1
 1147 01d5 E0010000 		.4byte	.LFB5
 1148 01d9 08030000 		.4byte	.LFE5
 1149 01dd 5D010000 		.4byte	.LLST12
 1150 01e1 10       		.uleb128 0x10
 1151 01e2 61726700 		.ascii	"arg\000"
 1152 01e6 01       		.byte	0x1
 1153 01e7 F1       		.byte	0xf1
 1154 01e8 6C000000 		.4byte	0x6c
 1155 01ec 7C010000 		.4byte	.LLST13
 1156 01f0 11       		.uleb128 0x11
 1157 01f1 00000000 		.4byte	.LASF17
 1158 01f5 01       		.byte	0x1
 1159 01f6 F4       		.byte	0xf4
 1160 01f7 3E000000 		.4byte	0x3e
 1161 01fb 8F010000 		.4byte	.LLST14
 1162 01ff 12       		.uleb128 0x12
 1163 0200 746D7000 		.ascii	"tmp\000"
 1164 0204 01       		.byte	0x1
 1165 0205 F4       		.byte	0xf4
 1166 0206 3E000000 		.4byte	0x3e
 1167 020a A2010000 		.4byte	.LLST15
 1168 020e 14       		.uleb128 0x14
 1169 020f 14000000 		.4byte	.LASF18
 1170 0213 01       		.byte	0x1
 1171 0214 FA       		.byte	0xfa
 1172 0215 3E000000 		.4byte	0x3e
 1173 0219 15       		.uleb128 0x15
 1174 021a 6900     		.ascii	"i\000"
 1175 021c 01       		.byte	0x1
 1176 021d FB       		.byte	0xfb
 1177 021e 5E000000 		.4byte	0x5e
 1178 0222 15       		.uleb128 0x15
 1179 0223 6A00     		.ascii	"j\000"
 1180 0225 01       		.byte	0x1
 1181 0226 FB       		.byte	0xfb
 1182 0227 5E000000 		.4byte	0x5e
 1183 022b 0B       		.uleb128 0xb
 1184 022c 6800     		.ascii	"h\000"
 1185 022e 01       		.byte	0x1
 1186 022f FB       		.byte	0xfb
 1187 0230 5E000000 		.4byte	0x5e
 1188 0234 01       		.byte	0x1
 1189 0235 56       		.byte	0x56
 1190 0236 00       		.byte	0x0
 1191 0237 16       		.uleb128 0x16
 1192 0238 48020000 		.4byte	0x248
 1193 023c 25000000 		.4byte	0x25
 1194 0240 17       		.uleb128 0x17
 1195 0241 65000000 		.4byte	0x65
 1196 0245 FF07     		.2byte	0x7ff
 1197 0247 00       		.byte	0x0
 1198 0248 0A       		.uleb128 0xa
 1199 0249 48010000 		.4byte	.LASF19
 1200 024d 01       		.byte	0x1
ARM GAS  /cygdrive/c/DOCUME~1/mkwapisz/LOCALS~1/Temp/cc8WqjJ2.s 			page 30


 1201 024e 1A       		.byte	0x1a
 1202 024f 37020000 		.4byte	0x237
 1203 0253 05       		.byte	0x5
 1204 0254 03       		.byte	0x3
 1205 0255 00000000 		.4byte	proc1Stack
 1206 0259 0A       		.uleb128 0xa
 1207 025a 09000000 		.4byte	.LASF20
 1208 025e 01       		.byte	0x1
 1209 025f 1B       		.byte	0x1b
 1210 0260 37020000 		.4byte	0x237
 1211 0264 05       		.byte	0x5
 1212 0265 03       		.byte	0x3
 1213 0266 00080000 		.4byte	proc2Stack
 1214 026a 0A       		.uleb128 0xa
 1215 026b 58000000 		.4byte	.LASF21
 1216 026f 01       		.byte	0x1
 1217 0270 1C       		.byte	0x1c
 1218 0271 37020000 		.4byte	0x237
 1219 0275 05       		.byte	0x5
 1220 0276 03       		.byte	0x3
 1221 0277 00100000 		.4byte	proc3Stack
 1222 027b 14       		.uleb128 0x14
 1223 027c 2C010000 		.4byte	.LASF22
 1224 0280 01       		.byte	0x1
 1225 0281 1D       		.byte	0x1d
 1226 0282 37020000 		.4byte	0x237
 1227 0286 14       		.uleb128 0x14
 1228 0287 2B000000 		.4byte	.LASF23
 1229 028b 01       		.byte	0x1
 1230 028c 1E       		.byte	0x1e
 1231 028d 37020000 		.4byte	0x237
 1232 0291 16       		.uleb128 0x16
 1233 0292 A2020000 		.4byte	0x2a2
 1234 0296 25000000 		.4byte	0x25
 1235 029a 17       		.uleb128 0x17
 1236 029b 65000000 		.4byte	0x65
 1237 029f 8F01     		.2byte	0x18f
 1238 02a1 00       		.byte	0x0
 1239 02a2 0A       		.uleb128 0xa
 1240 02a3 1C000000 		.4byte	.LASF24
 1241 02a7 01       		.byte	0x1
 1242 02a8 1F       		.byte	0x1f
 1243 02a9 91020000 		.4byte	0x291
 1244 02ad 05       		.byte	0x5
 1245 02ae 03       		.byte	0x3
 1246 02af 00180000 		.4byte	initStack
 1247 02b3 0A       		.uleb128 0xa
 1248 02b4 26000000 		.4byte	.LASF25
 1249 02b8 01       		.byte	0x1
 1250 02b9 20       		.byte	0x20
 1251 02ba 25000000 		.4byte	0x25
 1252 02be 05       		.byte	0x5
 1253 02bf 03       		.byte	0x3
 1254 02c0 90190000 		.4byte	pid1
 1255 02c4 0A       		.uleb128 0xa
 1256 02c5 E9000000 		.4byte	.LASF26
 1257 02c9 01       		.byte	0x1
ARM GAS  /cygdrive/c/DOCUME~1/mkwapisz/LOCALS~1/Temp/cc8WqjJ2.s 			page 31


 1258 02ca 21       		.byte	0x21
 1259 02cb 25000000 		.4byte	0x25
 1260 02cf 05       		.byte	0x5
 1261 02d0 03       		.byte	0x3
 1262 02d1 91190000 		.4byte	pid2
 1263 02d5 0A       		.uleb128 0xa
 1264 02d6 53000000 		.4byte	.LASF27
 1265 02da 01       		.byte	0x1
 1266 02db 22       		.byte	0x22
 1267 02dc 25000000 		.4byte	0x25
 1268 02e0 05       		.byte	0x5
 1269 02e1 03       		.byte	0x3
 1270 02e2 92190000 		.4byte	pid3
 1271 02e6 14       		.uleb128 0x14
 1272 02e7 FE000000 		.4byte	.LASF28
 1273 02eb 01       		.byte	0x1
 1274 02ec 23       		.byte	0x23
 1275 02ed 25000000 		.4byte	0x25
 1276 02f1 14       		.uleb128 0x14
 1277 02f2 43010000 		.4byte	.LASF29
 1278 02f6 01       		.byte	0x1
 1279 02f7 24       		.byte	0x24
 1280 02f8 25000000 		.4byte	0x25
 1281 02fc 00       		.byte	0x0
 1282              		.section	.debug_abbrev
 1283 0000 01       		.uleb128 0x1
 1284 0001 11       		.uleb128 0x11
 1285 0002 01       		.byte	0x1
 1286 0003 10       		.uleb128 0x10
 1287 0004 06       		.uleb128 0x6
 1288 0005 12       		.uleb128 0x12
 1289 0006 01       		.uleb128 0x1
 1290 0007 11       		.uleb128 0x11
 1291 0008 01       		.uleb128 0x1
 1292 0009 25       		.uleb128 0x25
 1293 000a 0E       		.uleb128 0xe
 1294 000b 13       		.uleb128 0x13
 1295 000c 0B       		.uleb128 0xb
 1296 000d 03       		.uleb128 0x3
 1297 000e 0E       		.uleb128 0xe
 1298 000f 1B       		.uleb128 0x1b
 1299 0010 0E       		.uleb128 0xe
 1300 0011 00       		.byte	0x0
 1301 0012 00       		.byte	0x0
 1302 0013 02       		.uleb128 0x2
 1303 0014 16       		.uleb128 0x16
 1304 0015 00       		.byte	0x0
 1305 0016 03       		.uleb128 0x3
 1306 0017 08       		.uleb128 0x8
 1307 0018 3A       		.uleb128 0x3a
 1308 0019 0B       		.uleb128 0xb
 1309 001a 3B       		.uleb128 0x3b
 1310 001b 0B       		.uleb128 0xb
 1311 001c 49       		.uleb128 0x49
 1312 001d 13       		.uleb128 0x13
 1313 001e 00       		.byte	0x0
 1314 001f 00       		.byte	0x0
ARM GAS  /cygdrive/c/DOCUME~1/mkwapisz/LOCALS~1/Temp/cc8WqjJ2.s 			page 32


 1315 0020 03       		.uleb128 0x3
 1316 0021 24       		.uleb128 0x24
 1317 0022 00       		.byte	0x0
 1318 0023 03       		.uleb128 0x3
 1319 0024 0E       		.uleb128 0xe
 1320 0025 0B       		.uleb128 0xb
 1321 0026 0B       		.uleb128 0xb
 1322 0027 3E       		.uleb128 0x3e
 1323 0028 0B       		.uleb128 0xb
 1324 0029 00       		.byte	0x0
 1325 002a 00       		.byte	0x0
 1326 002b 04       		.uleb128 0x4
 1327 002c 16       		.uleb128 0x16
 1328 002d 00       		.byte	0x0
 1329 002e 03       		.uleb128 0x3
 1330 002f 0E       		.uleb128 0xe
 1331 0030 3A       		.uleb128 0x3a
 1332 0031 0B       		.uleb128 0xb
 1333 0032 3B       		.uleb128 0x3b
 1334 0033 0B       		.uleb128 0xb
 1335 0034 49       		.uleb128 0x49
 1336 0035 13       		.uleb128 0x13
 1337 0036 00       		.byte	0x0
 1338 0037 00       		.byte	0x0
 1339 0038 05       		.uleb128 0x5
 1340 0039 24       		.uleb128 0x24
 1341 003a 00       		.byte	0x0
 1342 003b 03       		.uleb128 0x3
 1343 003c 08       		.uleb128 0x8
 1344 003d 0B       		.uleb128 0xb
 1345 003e 0B       		.uleb128 0xb
 1346 003f 3E       		.uleb128 0x3e
 1347 0040 0B       		.uleb128 0xb
 1348 0041 00       		.byte	0x0
 1349 0042 00       		.byte	0x0
 1350 0043 06       		.uleb128 0x6
 1351 0044 0F       		.uleb128 0xf
 1352 0045 00       		.byte	0x0
 1353 0046 0B       		.uleb128 0xb
 1354 0047 0B       		.uleb128 0xb
 1355 0048 00       		.byte	0x0
 1356 0049 00       		.byte	0x0
 1357 004a 07       		.uleb128 0x7
 1358 004b 2E       		.uleb128 0x2e
 1359 004c 01       		.byte	0x1
 1360 004d 01       		.uleb128 0x1
 1361 004e 13       		.uleb128 0x13
 1362 004f 3F       		.uleb128 0x3f
 1363 0050 0C       		.uleb128 0xc
 1364 0051 03       		.uleb128 0x3
 1365 0052 0E       		.uleb128 0xe
 1366 0053 3A       		.uleb128 0x3a
 1367 0054 0B       		.uleb128 0xb
 1368 0055 3B       		.uleb128 0x3b
 1369 0056 05       		.uleb128 0x5
 1370 0057 27       		.uleb128 0x27
 1371 0058 0C       		.uleb128 0xc
ARM GAS  /cygdrive/c/DOCUME~1/mkwapisz/LOCALS~1/Temp/cc8WqjJ2.s 			page 33


 1372 0059 11       		.uleb128 0x11
 1373 005a 01       		.uleb128 0x1
 1374 005b 12       		.uleb128 0x12
 1375 005c 01       		.uleb128 0x1
 1376 005d 40       		.uleb128 0x40
 1377 005e 0A       		.uleb128 0xa
 1378 005f 00       		.byte	0x0
 1379 0060 00       		.byte	0x0
 1380 0061 08       		.uleb128 0x8
 1381 0062 05       		.uleb128 0x5
 1382 0063 00       		.byte	0x0
 1383 0064 03       		.uleb128 0x3
 1384 0065 0E       		.uleb128 0xe
 1385 0066 3A       		.uleb128 0x3a
 1386 0067 0B       		.uleb128 0xb
 1387 0068 3B       		.uleb128 0x3b
 1388 0069 05       		.uleb128 0x5
 1389 006a 49       		.uleb128 0x49
 1390 006b 13       		.uleb128 0x13
 1391 006c 02       		.uleb128 0x2
 1392 006d 0A       		.uleb128 0xa
 1393 006e 00       		.byte	0x0
 1394 006f 00       		.byte	0x0
 1395 0070 09       		.uleb128 0x9
 1396 0071 2E       		.uleb128 0x2e
 1397 0072 01       		.byte	0x1
 1398 0073 01       		.uleb128 0x1
 1399 0074 13       		.uleb128 0x13
 1400 0075 3F       		.uleb128 0x3f
 1401 0076 0C       		.uleb128 0xc
 1402 0077 03       		.uleb128 0x3
 1403 0078 0E       		.uleb128 0xe
 1404 0079 3A       		.uleb128 0x3a
 1405 007a 0B       		.uleb128 0xb
 1406 007b 3B       		.uleb128 0x3b
 1407 007c 0B       		.uleb128 0xb
 1408 007d 27       		.uleb128 0x27
 1409 007e 0C       		.uleb128 0xc
 1410 007f 49       		.uleb128 0x49
 1411 0080 13       		.uleb128 0x13
 1412 0081 11       		.uleb128 0x11
 1413 0082 01       		.uleb128 0x1
 1414 0083 12       		.uleb128 0x12
 1415 0084 01       		.uleb128 0x1
 1416 0085 40       		.uleb128 0x40
 1417 0086 06       		.uleb128 0x6
 1418 0087 00       		.byte	0x0
 1419 0088 00       		.byte	0x0
 1420 0089 0A       		.uleb128 0xa
 1421 008a 34       		.uleb128 0x34
 1422 008b 00       		.byte	0x0
 1423 008c 03       		.uleb128 0x3
 1424 008d 0E       		.uleb128 0xe
 1425 008e 3A       		.uleb128 0x3a
 1426 008f 0B       		.uleb128 0xb
 1427 0090 3B       		.uleb128 0x3b
 1428 0091 0B       		.uleb128 0xb
ARM GAS  /cygdrive/c/DOCUME~1/mkwapisz/LOCALS~1/Temp/cc8WqjJ2.s 			page 34


 1429 0092 49       		.uleb128 0x49
 1430 0093 13       		.uleb128 0x13
 1431 0094 02       		.uleb128 0x2
 1432 0095 0A       		.uleb128 0xa
 1433 0096 00       		.byte	0x0
 1434 0097 00       		.byte	0x0
 1435 0098 0B       		.uleb128 0xb
 1436 0099 34       		.uleb128 0x34
 1437 009a 00       		.byte	0x0
 1438 009b 03       		.uleb128 0x3
 1439 009c 08       		.uleb128 0x8
 1440 009d 3A       		.uleb128 0x3a
 1441 009e 0B       		.uleb128 0xb
 1442 009f 3B       		.uleb128 0x3b
 1443 00a0 0B       		.uleb128 0xb
 1444 00a1 49       		.uleb128 0x49
 1445 00a2 13       		.uleb128 0x13
 1446 00a3 02       		.uleb128 0x2
 1447 00a4 0A       		.uleb128 0xa
 1448 00a5 00       		.byte	0x0
 1449 00a6 00       		.byte	0x0
 1450 00a7 0C       		.uleb128 0xc
 1451 00a8 2E       		.uleb128 0x2e
 1452 00a9 01       		.byte	0x1
 1453 00aa 01       		.uleb128 0x1
 1454 00ab 13       		.uleb128 0x13
 1455 00ac 03       		.uleb128 0x3
 1456 00ad 0E       		.uleb128 0xe
 1457 00ae 3A       		.uleb128 0x3a
 1458 00af 0B       		.uleb128 0xb
 1459 00b0 3B       		.uleb128 0x3b
 1460 00b1 05       		.uleb128 0x5
 1461 00b2 27       		.uleb128 0x27
 1462 00b3 0C       		.uleb128 0xc
 1463 00b4 11       		.uleb128 0x11
 1464 00b5 01       		.uleb128 0x1
 1465 00b6 12       		.uleb128 0x12
 1466 00b7 01       		.uleb128 0x1
 1467 00b8 40       		.uleb128 0x40
 1468 00b9 06       		.uleb128 0x6
 1469 00ba 00       		.byte	0x0
 1470 00bb 00       		.byte	0x0
 1471 00bc 0D       		.uleb128 0xd
 1472 00bd 05       		.uleb128 0x5
 1473 00be 00       		.byte	0x0
 1474 00bf 03       		.uleb128 0x3
 1475 00c0 08       		.uleb128 0x8
 1476 00c1 3A       		.uleb128 0x3a
 1477 00c2 0B       		.uleb128 0xb
 1478 00c3 3B       		.uleb128 0x3b
 1479 00c4 05       		.uleb128 0x5
 1480 00c5 49       		.uleb128 0x49
 1481 00c6 13       		.uleb128 0x13
 1482 00c7 02       		.uleb128 0x2
 1483 00c8 06       		.uleb128 0x6
 1484 00c9 00       		.byte	0x0
 1485 00ca 00       		.byte	0x0
ARM GAS  /cygdrive/c/DOCUME~1/mkwapisz/LOCALS~1/Temp/cc8WqjJ2.s 			page 35


 1486 00cb 0E       		.uleb128 0xe
 1487 00cc 34       		.uleb128 0x34
 1488 00cd 00       		.byte	0x0
 1489 00ce 03       		.uleb128 0x3
 1490 00cf 0E       		.uleb128 0xe
 1491 00d0 3A       		.uleb128 0x3a
 1492 00d1 0B       		.uleb128 0xb
 1493 00d2 3B       		.uleb128 0x3b
 1494 00d3 05       		.uleb128 0x5
 1495 00d4 49       		.uleb128 0x49
 1496 00d5 13       		.uleb128 0x13
 1497 00d6 02       		.uleb128 0x2
 1498 00d7 0A       		.uleb128 0xa
 1499 00d8 00       		.byte	0x0
 1500 00d9 00       		.byte	0x0
 1501 00da 0F       		.uleb128 0xf
 1502 00db 2E       		.uleb128 0x2e
 1503 00dc 01       		.byte	0x1
 1504 00dd 01       		.uleb128 0x1
 1505 00de 13       		.uleb128 0x13
 1506 00df 03       		.uleb128 0x3
 1507 00e0 08       		.uleb128 0x8
 1508 00e1 3A       		.uleb128 0x3a
 1509 00e2 0B       		.uleb128 0xb
 1510 00e3 3B       		.uleb128 0x3b
 1511 00e4 0B       		.uleb128 0xb
 1512 00e5 27       		.uleb128 0x27
 1513 00e6 0C       		.uleb128 0xc
 1514 00e7 11       		.uleb128 0x11
 1515 00e8 01       		.uleb128 0x1
 1516 00e9 12       		.uleb128 0x12
 1517 00ea 01       		.uleb128 0x1
 1518 00eb 40       		.uleb128 0x40
 1519 00ec 06       		.uleb128 0x6
 1520 00ed 00       		.byte	0x0
 1521 00ee 00       		.byte	0x0
 1522 00ef 10       		.uleb128 0x10
 1523 00f0 05       		.uleb128 0x5
 1524 00f1 00       		.byte	0x0
 1525 00f2 03       		.uleb128 0x3
 1526 00f3 08       		.uleb128 0x8
 1527 00f4 3A       		.uleb128 0x3a
 1528 00f5 0B       		.uleb128 0xb
 1529 00f6 3B       		.uleb128 0x3b
 1530 00f7 0B       		.uleb128 0xb
 1531 00f8 49       		.uleb128 0x49
 1532 00f9 13       		.uleb128 0x13
 1533 00fa 02       		.uleb128 0x2
 1534 00fb 06       		.uleb128 0x6
 1535 00fc 00       		.byte	0x0
 1536 00fd 00       		.byte	0x0
 1537 00fe 11       		.uleb128 0x11
 1538 00ff 34       		.uleb128 0x34
 1539 0100 00       		.byte	0x0
 1540 0101 03       		.uleb128 0x3
 1541 0102 0E       		.uleb128 0xe
 1542 0103 3A       		.uleb128 0x3a
ARM GAS  /cygdrive/c/DOCUME~1/mkwapisz/LOCALS~1/Temp/cc8WqjJ2.s 			page 36


 1543 0104 0B       		.uleb128 0xb
 1544 0105 3B       		.uleb128 0x3b
 1545 0106 0B       		.uleb128 0xb
 1546 0107 49       		.uleb128 0x49
 1547 0108 13       		.uleb128 0x13
 1548 0109 02       		.uleb128 0x2
 1549 010a 06       		.uleb128 0x6
 1550 010b 00       		.byte	0x0
 1551 010c 00       		.byte	0x0
 1552 010d 12       		.uleb128 0x12
 1553 010e 34       		.uleb128 0x34
 1554 010f 00       		.byte	0x0
 1555 0110 03       		.uleb128 0x3
 1556 0111 08       		.uleb128 0x8
 1557 0112 3A       		.uleb128 0x3a
 1558 0113 0B       		.uleb128 0xb
 1559 0114 3B       		.uleb128 0x3b
 1560 0115 0B       		.uleb128 0xb
 1561 0116 49       		.uleb128 0x49
 1562 0117 13       		.uleb128 0x13
 1563 0118 02       		.uleb128 0x2
 1564 0119 06       		.uleb128 0x6
 1565 011a 00       		.byte	0x0
 1566 011b 00       		.byte	0x0
 1567 011c 13       		.uleb128 0x13
 1568 011d 2E       		.uleb128 0x2e
 1569 011e 01       		.byte	0x1
 1570 011f 01       		.uleb128 0x1
 1571 0120 13       		.uleb128 0x13
 1572 0121 03       		.uleb128 0x3
 1573 0122 0E       		.uleb128 0xe
 1574 0123 3A       		.uleb128 0x3a
 1575 0124 0B       		.uleb128 0xb
 1576 0125 3B       		.uleb128 0x3b
 1577 0126 0B       		.uleb128 0xb
 1578 0127 27       		.uleb128 0x27
 1579 0128 0C       		.uleb128 0xc
 1580 0129 11       		.uleb128 0x11
 1581 012a 01       		.uleb128 0x1
 1582 012b 12       		.uleb128 0x12
 1583 012c 01       		.uleb128 0x1
 1584 012d 40       		.uleb128 0x40
 1585 012e 06       		.uleb128 0x6
 1586 012f 00       		.byte	0x0
 1587 0130 00       		.byte	0x0
 1588 0131 14       		.uleb128 0x14
 1589 0132 34       		.uleb128 0x34
 1590 0133 00       		.byte	0x0
 1591 0134 03       		.uleb128 0x3
 1592 0135 0E       		.uleb128 0xe
 1593 0136 3A       		.uleb128 0x3a
 1594 0137 0B       		.uleb128 0xb
 1595 0138 3B       		.uleb128 0x3b
 1596 0139 0B       		.uleb128 0xb
 1597 013a 49       		.uleb128 0x49
 1598 013b 13       		.uleb128 0x13
 1599 013c 00       		.byte	0x0
ARM GAS  /cygdrive/c/DOCUME~1/mkwapisz/LOCALS~1/Temp/cc8WqjJ2.s 			page 37


 1600 013d 00       		.byte	0x0
 1601 013e 15       		.uleb128 0x15
 1602 013f 34       		.uleb128 0x34
 1603 0140 00       		.byte	0x0
 1604 0141 03       		.uleb128 0x3
 1605 0142 08       		.uleb128 0x8
 1606 0143 3A       		.uleb128 0x3a
 1607 0144 0B       		.uleb128 0xb
 1608 0145 3B       		.uleb128 0x3b
 1609 0146 0B       		.uleb128 0xb
 1610 0147 49       		.uleb128 0x49
 1611 0148 13       		.uleb128 0x13
 1612 0149 00       		.byte	0x0
 1613 014a 00       		.byte	0x0
 1614 014b 16       		.uleb128 0x16
 1615 014c 01       		.uleb128 0x1
 1616 014d 01       		.byte	0x1
 1617 014e 01       		.uleb128 0x1
 1618 014f 13       		.uleb128 0x13
 1619 0150 49       		.uleb128 0x49
 1620 0151 13       		.uleb128 0x13
 1621 0152 00       		.byte	0x0
 1622 0153 00       		.byte	0x0
 1623 0154 17       		.uleb128 0x17
 1624 0155 21       		.uleb128 0x21
 1625 0156 00       		.byte	0x0
 1626 0157 49       		.uleb128 0x49
 1627 0158 13       		.uleb128 0x13
 1628 0159 2F       		.uleb128 0x2f
 1629 015a 05       		.uleb128 0x5
 1630 015b 00       		.byte	0x0
 1631 015c 00       		.byte	0x0
 1632 015d 00       		.byte	0x0
 1633              		.section	.debug_pubnames,"",%progbits
 1634 0000 23000000 		.4byte	0x23
 1635 0004 0200     		.2byte	0x2
 1636 0006 00000000 		.4byte	.Ldebug_info0
 1637 000a FD020000 		.4byte	0x2fd
 1638 000e 6E000000 		.4byte	0x6e
 1639 0012 61707054 		.ascii	"appTick\000"
 1639      69636B00 
 1640 001a 95000000 		.4byte	0x95
 1641 001e 6D61696E 		.ascii	"main\000"
 1641      00
 1642 0023 00000000 		.4byte	0x0
 1643              		.section	.debug_aranges,"",%progbits
 1644 0000 1C000000 		.4byte	0x1c
 1645 0004 0200     		.2byte	0x2
 1646 0006 00000000 		.4byte	.Ldebug_info0
 1647 000a 04       		.byte	0x4
 1648 000b 00       		.byte	0x0
 1649 000c 0000     		.2byte	0x0
 1650 000e 0000     		.2byte	0x0
 1651 0010 00000000 		.4byte	.Ltext0
 1652 0014 08030000 		.4byte	.Letext0-.Ltext0
 1653 0018 00000000 		.4byte	0x0
 1654 001c 00000000 		.4byte	0x0
ARM GAS  /cygdrive/c/DOCUME~1/mkwapisz/LOCALS~1/Temp/cc8WqjJ2.s 			page 38


 1655              		.section	.debug_str,"MS",%progbits,1
 1656              	.LASF17:
 1657 0000 6F6C6449 		.ascii	"oldIOPIN\000"
 1657      4F50494E 
 1657      00
 1658              	.LASF20:
 1659 0009 70726F63 		.ascii	"proc2Stack\000"
 1659      32537461 
 1659      636B00
 1660              	.LASF18:
 1661 0014 6F6C644D 		.ascii	"oldMove\000"
 1661      6F766500 
 1662              	.LASF24:
 1663 001c 696E6974 		.ascii	"initStack\000"
 1663      53746163 
 1663      6B00
 1664              	.LASF25:
 1665 0026 70696431 		.ascii	"pid1\000"
 1665      00
 1666              	.LASF23:
 1667 002b 70726F63 		.ascii	"proc5Stack\000"
 1667      35537461 
 1667      636B00
 1668              	.LASF14:
 1669 0036 63656E74 		.ascii	"centerReleased\000"
 1669      65725265 
 1669      6C656173 
 1669      656400
 1670              	.LASF0:
 1671 0045 756E7369 		.ascii	"unsigned char\000"
 1671      676E6564 
 1671      20636861 
 1671      7200
 1672              	.LASF27:
 1673 0053 70696433 		.ascii	"pid3\000"
 1673      00
 1674              	.LASF21:
 1675 0058 70726F63 		.ascii	"proc3Stack\000"
 1675      33537461 
 1675      636B00
 1676              	.LASF6:
 1677 0063 6C6F6E67 		.ascii	"long unsigned int\000"
 1677      20756E73 
 1677      69676E65 
 1677      6420696E 
 1677      7400
 1678              	.LASF1:
 1679 0075 73686F72 		.ascii	"short unsigned int\000"
 1679      7420756E 
 1679      7369676E 
 1679      65642069 
 1679      6E7400
 1680              	.LASF12:
 1681 0088 70617474 		.ascii	"pattern\000"
 1681      65726E00 
 1682              	.LASF31:
 1683 0090 6D61696E 		.ascii	"main.c\000"
ARM GAS  /cygdrive/c/DOCUME~1/mkwapisz/LOCALS~1/Temp/cc8WqjJ2.s 			page 39


 1683      2E6300
 1684              	.LASF13:
 1685 0097 70726F63 		.ascii	"proc1\000"
 1685      3100
 1686              	.LASF16:
 1687 009d 70726F63 		.ascii	"proc2\000"
 1687      3200
 1688              	.LASF15:
 1689 00a3 70726F63 		.ascii	"proc3\000"
 1689      3300
 1690              	.LASF8:
 1691 00a9 6D61696E 		.ascii	"main\000"
 1691      00
 1692              	.LASF3:
 1693 00ae 756E7369 		.ascii	"unsigned int\000"
 1693      676E6564 
 1693      20696E74 
 1693      00
 1694              	.LASF10:
 1695 00bb 656C6170 		.ascii	"elapsedTime\000"
 1695      73656454 
 1695      696D6500 
 1696              	.LASF11:
 1697 00c7 696E6974 		.ascii	"initProc\000"
 1697      50726F63 
 1697      00
 1698              	.LASF30:
 1699 00d0 474E5520 		.ascii	"GNU C 4.1.1\000"
 1699      4320342E 
 1699      312E3100 
 1700              	.LASF2:
 1701 00dc 74553332 		.ascii	"tU32\000"
 1701      00
 1702              	.LASF7:
 1703 00e1 61707054 		.ascii	"appTick\000"
 1703      69636B00 
 1704              	.LASF26:
 1705 00e9 70696432 		.ascii	"pid2\000"
 1705      00
 1706              	.LASF5:
 1707 00ee 73686F72 		.ascii	"short int\000"
 1707      7420696E 
 1707      7400
 1708              	.LASF9:
 1709 00f8 6572726F 		.ascii	"error\000"
 1709      7200
 1710              	.LASF28:
 1711 00fe 70696434 		.ascii	"pid4\000"
 1711      00
 1712              	.LASF32:
 1713 0103 2F637967 		.ascii	"/cygdrive/c/Embedded/workspace/2138-Demo\000"
 1713      64726976 
 1713      652F632F 
 1713      456D6265 
 1713      64646564 
 1714              	.LASF22:
 1715 012c 70726F63 		.ascii	"proc4Stack\000"
ARM GAS  /cygdrive/c/DOCUME~1/mkwapisz/LOCALS~1/Temp/cc8WqjJ2.s 			page 40


 1715      34537461 
 1715      636B00
 1716              	.LASF4:
 1717 0137 7369676E 		.ascii	"signed char\000"
 1717      65642063 
 1717      68617200 
 1718              	.LASF29:
 1719 0143 70696435 		.ascii	"pid5\000"
 1719      00
 1720              	.LASF19:
 1721 0148 70726F63 		.ascii	"proc1Stack\000"
 1721      31537461 
 1721      636B00
 1722              		.ident	"GCC: (GNU) 4.1.1"
ARM GAS  /cygdrive/c/DOCUME~1/mkwapisz/LOCALS~1/Temp/cc8WqjJ2.s 			page 41


DEFINED SYMBOLS
                            *ABS*:00000000 main.c
/cygdrive/c/DOCUME~1/mkwapisz/LOCALS~1/Temp/cc8WqjJ2.s:1      .text:00000000 $t
/cygdrive/c/DOCUME~1/mkwapisz/LOCALS~1/Temp/cc8WqjJ2.s:16     .text:00000000 appTick
/cygdrive/c/DOCUME~1/mkwapisz/LOCALS~1/Temp/cc8WqjJ2.s:32     .text:00000004 main
/cygdrive/c/DOCUME~1/mkwapisz/LOCALS~1/Temp/cc8WqjJ2.s:85     .text:00000050 $d
/cygdrive/c/DOCUME~1/mkwapisz/LOCALS~1/Temp/cc8WqjJ2.s:95     .text:00000060 initProc
/cygdrive/c/DOCUME~1/mkwapisz/LOCALS~1/Temp/cc8WqjJ2.s:600    .bss:00001800 initStack
/cygdrive/c/DOCUME~1/mkwapisz/LOCALS~1/Temp/cc8WqjJ2.s:92     .text:00000060 $t
/cygdrive/c/DOCUME~1/mkwapisz/LOCALS~1/Temp/cc8WqjJ2.s:136    .text:0000009c $d
/cygdrive/c/DOCUME~1/mkwapisz/LOCALS~1/Temp/cc8WqjJ2.s:602    .bss:00001990 pid1
/cygdrive/c/DOCUME~1/mkwapisz/LOCALS~1/Temp/cc8WqjJ2.s:273    .text:00000130 proc1
/cygdrive/c/DOCUME~1/mkwapisz/LOCALS~1/Temp/cc8WqjJ2.s:594    .bss:00000000 proc1Stack
/cygdrive/c/DOCUME~1/mkwapisz/LOCALS~1/Temp/cc8WqjJ2.s:150    .text:000000a8 $t
/cygdrive/c/DOCUME~1/mkwapisz/LOCALS~1/Temp/cc8WqjJ2.s:153    .text:000000a8 led
/cygdrive/c/DOCUME~1/mkwapisz/LOCALS~1/Temp/cc8WqjJ2.s:246    .text:00000114 $d
/cygdrive/c/DOCUME~1/mkwapisz/LOCALS~1/Temp/cc8WqjJ2.s:270    .text:00000130 $t
/cygdrive/c/DOCUME~1/mkwapisz/LOCALS~1/Temp/cc8WqjJ2.s:347    .text:000001a8 $d
/cygdrive/c/DOCUME~1/mkwapisz/LOCALS~1/Temp/cc8WqjJ2.s:604    .bss:00001991 pid2
/cygdrive/c/DOCUME~1/mkwapisz/LOCALS~1/Temp/cc8WqjJ2.s:415    .text:000001e0 proc2
/cygdrive/c/DOCUME~1/mkwapisz/LOCALS~1/Temp/cc8WqjJ2.s:596    .bss:00000800 proc2Stack
/cygdrive/c/DOCUME~1/mkwapisz/LOCALS~1/Temp/cc8WqjJ2.s:606    .bss:00001992 pid3
/cygdrive/c/DOCUME~1/mkwapisz/LOCALS~1/Temp/cc8WqjJ2.s:364    .text:000001d4 proc3
/cygdrive/c/DOCUME~1/mkwapisz/LOCALS~1/Temp/cc8WqjJ2.s:598    .bss:00001000 proc3Stack
/cygdrive/c/DOCUME~1/mkwapisz/LOCALS~1/Temp/cc8WqjJ2.s:361    .text:000001d4 $t
/cygdrive/c/DOCUME~1/mkwapisz/LOCALS~1/Temp/cc8WqjJ2.s:576    .text:000002cc $d

UNDEFINED SYMBOLS
osInit
osCreateProcess
osStartProcess
osStart
eaInit
osDeleteProcess
simplePrintf
osSleep
testLedMatrix
messageOnLCD
testMotor
